2012/03/27 02:40:01 [trace] [system.CModule] Loading "log" application component
2012/03/27 02:40:01 [trace] [system.CModule] Loading "request" application component
2012/03/27 02:40:01 [trace] [system.CModule] Loading "bootstrap" application component
2012/03/27 02:40:01 [trace] [system.CModule] Loading "clientScript" application component
2012/03/27 02:40:01 [trace] [system.CModule] Loading "assetManager" application component
2012/03/27 02:40:01 [trace] [system.CModule] Loading "urlManager" application component
2012/03/27 02:40:01 [trace] [system.web.filters.CFilterChain] Running filter SearchController.filteraccessControl()
2012/03/27 02:40:01 [trace] [system.CModule] Loading "user" application component
2012/03/27 02:40:01 [trace] [system.CModule] Loading "session" application component
2012/03/27 02:40:01 [trace] [system.CModule] Loading "messages" application component
2012/03/27 02:40:01 [trace] [system.CModule] Loading "coreMessages" application component
2012/03/27 02:40:01 [trace] [system.CModule] Loading "themeManager" application component
2012/03/27 02:40:01 [trace] [system.CModule] Loading "db" application component
2012/03/27 02:40:01 [trace] [system.db.CDbConnection] Opening DB connection
2012/03/27 02:40:01 [trace] [system.db.CDbCommand] Querying SQL: SHOW COLUMNS FROM `products`
2012/03/27 02:40:01 [profile] [system.db.CDbCommand.query] begin:system.db.CDbCommand.query(SHOW COLUMNS FROM `products`)
2012/03/27 02:40:01 [profile] [system.db.CDbCommand.query] end:system.db.CDbCommand.query(SHOW COLUMNS FROM `products`)
2012/03/27 02:40:01 [trace] [system.db.CDbCommand] Querying SQL: SHOW CREATE TABLE `products`
2012/03/27 02:40:01 [profile] [system.db.CDbCommand.query] begin:system.db.CDbCommand.query(SHOW CREATE TABLE `products`)
2012/03/27 02:40:01 [profile] [system.db.CDbCommand.query] end:system.db.CDbCommand.query(SHOW CREATE TABLE `products`)
2012/03/27 02:40:01 [trace] [system.CModule] Loading "widgetFactory" application component
2012/03/27 02:40:23 [trace] [system.CModule] Loading "log" application component
2012/03/27 02:40:23 [trace] [system.CModule] Loading "request" application component
2012/03/27 02:40:23 [trace] [system.CModule] Loading "bootstrap" application component
2012/03/27 02:40:23 [trace] [system.CModule] Loading "clientScript" application component
2012/03/27 02:40:23 [trace] [system.CModule] Loading "assetManager" application component
2012/03/27 02:40:24 [trace] [system.CModule] Loading "viewRenderer" application component
2012/03/27 02:40:24 [trace] [system.CModule] Loading "db" application component
2012/03/27 02:40:24 [trace] [system.db.CDbConnection] Opening DB connection
2012/03/27 02:40:24 [trace] [system.CModule] Loading "urlManager" application component
2012/03/27 02:40:24 [trace] [system.web.filters.CFilterChain] Running filter HomeController.filteraccessControl()
2012/03/27 02:40:24 [trace] [system.CModule] Loading "user" application component
2012/03/27 02:40:24 [trace] [system.CModule] Loading "session" application component
2012/03/27 02:40:24 [trace] [system.CModule] Loading "messages" application component
2012/03/27 02:40:24 [trace] [system.db.CDbCommand] Querying SQL: SHOW COLUMNS FROM `products`
2012/03/27 02:40:24 [profile] [system.db.CDbCommand.query] begin:system.db.CDbCommand.query(SHOW COLUMNS FROM `products`)
2012/03/27 02:40:24 [profile] [system.db.CDbCommand.query] end:system.db.CDbCommand.query(SHOW COLUMNS FROM `products`)
2012/03/27 02:40:24 [trace] [system.db.CDbCommand] Querying SQL: SHOW CREATE TABLE `products`
2012/03/27 02:40:24 [profile] [system.db.CDbCommand.query] begin:system.db.CDbCommand.query(SHOW CREATE TABLE `products`)
2012/03/27 02:40:24 [profile] [system.db.CDbCommand.query] end:system.db.CDbCommand.query(SHOW CREATE TABLE `products`)
2012/03/27 02:40:24 [trace] [system.db.ar.CActiveRecord] Products.findAllByAttributes()
2012/03/27 02:40:24 [trace] [system.db.CDbCommand] Querying SQL: SELECT * FROM `products` `t` WHERE `t`.`type`=:yp0 ORDER BY price DESC LIMIT 5
2012/03/27 02:40:24 [profile] [system.db.CDbCommand.query] begin:system.db.CDbCommand.query(SELECT * FROM `products` `t` WHERE `t`.`type`=:yp0 ORDER BY price DESC LIMIT 5)
2012/03/27 02:40:24 [profile] [system.db.CDbCommand.query] end:system.db.CDbCommand.query(SELECT * FROM `products` `t` WHERE `t`.`type`=:yp0 ORDER BY price DESC LIMIT 5)
2012/03/27 02:40:24 [trace] [system.db.CDbCommand] Querying SQL: SHOW COLUMNS FROM `orders`
2012/03/27 02:40:24 [profile] [system.db.CDbCommand.query] begin:system.db.CDbCommand.query(SHOW COLUMNS FROM `orders`)
2012/03/27 02:40:24 [profile] [system.db.CDbCommand.query] end:system.db.CDbCommand.query(SHOW COLUMNS FROM `orders`)
2012/03/27 02:40:24 [trace] [system.db.CDbCommand] Querying SQL: SHOW CREATE TABLE `orders`
2012/03/27 02:40:24 [profile] [system.db.CDbCommand.query] begin:system.db.CDbCommand.query(SHOW CREATE TABLE `orders`)
2012/03/27 02:40:24 [profile] [system.db.CDbCommand.query] end:system.db.CDbCommand.query(SHOW CREATE TABLE `orders`)
2012/03/27 02:40:24 [trace] [system.CModule] Loading "themeManager" application component
2012/03/27 02:40:24 [trace] [system.CModule] Loading "widgetFactory" application component
2012/03/27 02:40:24 [trace] [system.db.ar.CActiveRecord] Orders.count()
2012/03/27 02:40:24 [trace] [system.db.CDbCommand] Querying SQL: SELECT COUNT(*) FROM `orders` `t` WHERE start_date >= '2012-03-27'
2012/03/27 02:40:24 [profile] [system.db.CDbCommand.query] begin:system.db.CDbCommand.query(SELECT COUNT(*) FROM `orders` `t` WHERE start_date >= '2012-03-27')
2012/03/27 02:40:24 [profile] [system.db.CDbCommand.query] end:system.db.CDbCommand.query(SELECT COUNT(*) FROM `orders` `t` WHERE start_date >= '2012-03-27')
2012/03/27 02:40:24 [trace] [system.db.ar.CActiveRecord] Orders.findAll()
2012/03/27 02:40:24 [trace] [system.db.CDbCommand] Querying SQL: SELECT * FROM `orders` `t` WHERE start_date >= '2012-03-27' ORDER BY start_date ASC LIMIT 20
2012/03/27 02:40:24 [profile] [system.db.CDbCommand.query] begin:system.db.CDbCommand.query(SELECT * FROM `orders` `t` WHERE start_date >= '2012-03-27' ORDER BY start_date ASC LIMIT 20)
2012/03/27 02:40:24 [profile] [system.db.CDbCommand.query] end:system.db.CDbCommand.query(SELECT * FROM `orders` `t` WHERE start_date >= '2012-03-27' ORDER BY start_date ASC LIMIT 20)
2012/03/27 02:40:24 [trace] [system.CModule] Loading "coreMessages" application component
2012/03/27 02:40:24 [trace] [system.CModule] Loading "format" application component
2012/03/27 02:40:24 [trace] [system.db.CDbCommand] Querying SQL: SHOW COLUMNS FROM `orders_history`
2012/03/27 02:40:24 [profile] [system.db.CDbCommand.query] begin:system.db.CDbCommand.query(SHOW COLUMNS FROM `orders_history`)
2012/03/27 02:40:24 [profile] [system.db.CDbCommand.query] end:system.db.CDbCommand.query(SHOW COLUMNS FROM `orders_history`)
2012/03/27 02:40:24 [trace] [system.db.CDbCommand] Querying SQL: SHOW CREATE TABLE `orders_history`
2012/03/27 02:40:24 [profile] [system.db.CDbCommand.query] begin:system.db.CDbCommand.query(SHOW CREATE TABLE `orders_history`)
2012/03/27 02:40:24 [profile] [system.db.CDbCommand.query] end:system.db.CDbCommand.query(SHOW CREATE TABLE `orders_history`)
2012/03/27 02:40:24 [trace] [system.db.ar.CActiveRecord] OrdersHistory.findByAttributes()
2012/03/27 02:40:24 [trace] [system.db.CDbCommand] Querying SQL: SELECT * FROM `orders_history` `t` WHERE `t`.`order_id`=:yp0 ORDER BY time DESC LIMIT 1
2012/03/27 02:40:24 [profile] [system.db.CDbCommand.query] begin:system.db.CDbCommand.query(SELECT * FROM `orders_history` `t` WHERE `t`.`order_id`=:yp0 ORDER BY time DESC LIMIT 1)
2012/03/27 02:40:24 [profile] [system.db.CDbCommand.query] end:system.db.CDbCommand.query(SELECT * FROM `orders_history` `t` WHERE `t`.`order_id`=:yp0 ORDER BY time DESC LIMIT 1)
2012/03/27 02:40:24 [trace] [system.db.ar.CActiveRecord] OrdersHistory.findByAttributes()
2012/03/27 02:40:24 [trace] [system.db.CDbCommand] Querying SQL: SELECT * FROM `orders_history` `t` WHERE `t`.`order_id`=:yp0 ORDER BY time DESC LIMIT 1
2012/03/27 02:40:24 [profile] [system.db.CDbCommand.query] begin:system.db.CDbCommand.query(SELECT * FROM `orders_history` `t` WHERE `t`.`order_id`=:yp0 ORDER BY time DESC LIMIT 1)
2012/03/27 02:40:24 [profile] [system.db.CDbCommand.query] end:system.db.CDbCommand.query(SELECT * FROM `orders_history` `t` WHERE `t`.`order_id`=:yp0 ORDER BY time DESC LIMIT 1)
2012/03/27 02:40:24 [trace] [system.db.ar.CActiveRecord] OrdersHistory.findByAttributes()
2012/03/27 02:40:24 [trace] [system.db.CDbCommand] Querying SQL: SELECT * FROM `orders_history` `t` WHERE `t`.`order_id`=:yp0 ORDER BY time DESC LIMIT 1
2012/03/27 02:40:24 [profile] [system.db.CDbCommand.query] begin:system.db.CDbCommand.query(SELECT * FROM `orders_history` `t` WHERE `t`.`order_id`=:yp0 ORDER BY time DESC LIMIT 1)
2012/03/27 02:40:24 [profile] [system.db.CDbCommand.query] end:system.db.CDbCommand.query(SELECT * FROM `orders_history` `t` WHERE `t`.`order_id`=:yp0 ORDER BY time DESC LIMIT 1)
2012/03/27 02:40:24 [trace] [system.db.ar.CActiveRecord] OrdersHistory.findByAttributes()
2012/03/27 02:40:24 [trace] [system.db.CDbCommand] Querying SQL: SELECT * FROM `orders_history` `t` WHERE `t`.`order_id`=:yp0 ORDER BY time DESC LIMIT 1
2012/03/27 02:40:24 [profile] [system.db.CDbCommand.query] begin:system.db.CDbCommand.query(SELECT * FROM `orders_history` `t` WHERE `t`.`order_id`=:yp0 ORDER BY time DESC LIMIT 1)
2012/03/27 02:40:24 [profile] [system.db.CDbCommand.query] end:system.db.CDbCommand.query(SELECT * FROM `orders_history` `t` WHERE `t`.`order_id`=:yp0 ORDER BY time DESC LIMIT 1)
2012/03/27 02:40:26 [trace] [system.CModule] Loading "log" application component
2012/03/27 02:40:26 [trace] [system.CModule] Loading "request" application component
2012/03/27 02:40:26 [trace] [system.CModule] Loading "bootstrap" application component
2012/03/27 02:40:26 [trace] [system.CModule] Loading "clientScript" application component
2012/03/27 02:40:26 [trace] [system.CModule] Loading "assetManager" application component
2012/03/27 02:40:26 [trace] [system.CModule] Loading "urlManager" application component
2012/03/27 02:40:26 [trace] [system.web.filters.CFilterChain] Running filter SearchController.filteraccessControl()
2012/03/27 02:40:26 [trace] [system.CModule] Loading "user" application component
2012/03/27 02:40:26 [trace] [system.CModule] Loading "session" application component
2012/03/27 02:40:26 [trace] [system.CModule] Loading "messages" application component
2012/03/27 02:40:26 [trace] [system.CModule] Loading "coreMessages" application component
2012/03/27 02:40:26 [trace] [system.CModule] Loading "themeManager" application component
2012/03/27 02:40:26 [trace] [system.CModule] Loading "db" application component
2012/03/27 02:40:26 [trace] [system.db.CDbConnection] Opening DB connection
2012/03/27 02:40:26 [trace] [system.db.CDbCommand] Querying SQL: SHOW COLUMNS FROM `products`
2012/03/27 02:40:26 [profile] [system.db.CDbCommand.query] begin:system.db.CDbCommand.query(SHOW COLUMNS FROM `products`)
2012/03/27 02:40:26 [profile] [system.db.CDbCommand.query] end:system.db.CDbCommand.query(SHOW COLUMNS FROM `products`)
2012/03/27 02:40:26 [trace] [system.db.CDbCommand] Querying SQL: SHOW CREATE TABLE `products`
2012/03/27 02:40:26 [profile] [system.db.CDbCommand.query] begin:system.db.CDbCommand.query(SHOW CREATE TABLE `products`)
2012/03/27 02:40:26 [profile] [system.db.CDbCommand.query] end:system.db.CDbCommand.query(SHOW CREATE TABLE `products`)
2012/03/27 02:40:26 [trace] [system.CModule] Loading "widgetFactory" application component
2012/03/27 02:40:28 [trace] [system.CModule] Loading "log" application component
2012/03/27 02:40:28 [trace] [system.CModule] Loading "request" application component
2012/03/27 02:40:28 [trace] [system.CModule] Loading "bootstrap" application component
2012/03/27 02:40:28 [trace] [system.CModule] Loading "clientScript" application component
2012/03/27 02:40:28 [trace] [system.CModule] Loading "assetManager" application component
2012/03/27 02:40:28 [trace] [system.CModule] Loading "urlManager" application component
2012/03/27 02:40:28 [trace] [system.web.filters.CFilterChain] Running filter SearchController.filteraccessControl()
2012/03/27 02:40:28 [trace] [system.CModule] Loading "user" application component
2012/03/27 02:40:28 [trace] [system.CModule] Loading "session" application component
2012/03/27 02:40:28 [trace] [system.CModule] Loading "messages" application component
2012/03/27 02:40:28 [trace] [system.CModule] Loading "coreMessages" application component
2012/03/27 02:40:28 [trace] [system.CModule] Loading "themeManager" application component
2012/03/27 02:40:28 [trace] [system.CModule] Loading "db" application component
2012/03/27 02:40:28 [trace] [system.db.CDbConnection] Opening DB connection
2012/03/27 02:40:28 [trace] [system.db.CDbCommand] Querying SQL: SHOW COLUMNS FROM `products`
2012/03/27 02:40:28 [profile] [system.db.CDbCommand.query] begin:system.db.CDbCommand.query(SHOW COLUMNS FROM `products`)
2012/03/27 02:40:28 [profile] [system.db.CDbCommand.query] end:system.db.CDbCommand.query(SHOW COLUMNS FROM `products`)
2012/03/27 02:40:28 [trace] [system.db.CDbCommand] Querying SQL: SHOW CREATE TABLE `products`
2012/03/27 02:40:28 [profile] [system.db.CDbCommand.query] begin:system.db.CDbCommand.query(SHOW CREATE TABLE `products`)
2012/03/27 02:40:28 [profile] [system.db.CDbCommand.query] end:system.db.CDbCommand.query(SHOW CREATE TABLE `products`)
2012/03/27 02:40:28 [trace] [system.CModule] Loading "widgetFactory" application component
2012/03/27 02:40:29 [trace] [system.CModule] Loading "log" application component
2012/03/27 02:40:29 [trace] [system.CModule] Loading "request" application component
2012/03/27 02:40:29 [trace] [system.CModule] Loading "bootstrap" application component
2012/03/27 02:40:29 [trace] [system.CModule] Loading "clientScript" application component
2012/03/27 02:40:29 [trace] [system.CModule] Loading "assetManager" application component
2012/03/27 02:40:29 [trace] [system.CModule] Loading "urlManager" application component
2012/03/27 02:40:29 [trace] [system.web.filters.CFilterChain] Running filter SearchController.filteraccessControl()
2012/03/27 02:40:29 [trace] [system.CModule] Loading "user" application component
2012/03/27 02:40:29 [trace] [system.CModule] Loading "session" application component
2012/03/27 02:40:29 [trace] [system.CModule] Loading "messages" application component
2012/03/27 02:40:29 [trace] [system.CModule] Loading "coreMessages" application component
2012/03/27 02:40:29 [trace] [system.CModule] Loading "themeManager" application component
2012/03/27 02:40:30 [trace] [system.CModule] Loading "db" application component
2012/03/27 02:40:30 [trace] [system.db.CDbConnection] Opening DB connection
2012/03/27 02:40:30 [trace] [system.db.CDbCommand] Querying SQL: SHOW COLUMNS FROM `products`
2012/03/27 02:40:30 [profile] [system.db.CDbCommand.query] begin:system.db.CDbCommand.query(SHOW COLUMNS FROM `products`)
2012/03/27 02:40:30 [profile] [system.db.CDbCommand.query] end:system.db.CDbCommand.query(SHOW COLUMNS FROM `products`)
2012/03/27 02:40:30 [trace] [system.db.CDbCommand] Querying SQL: SHOW CREATE TABLE `products`
2012/03/27 02:40:30 [profile] [system.db.CDbCommand.query] begin:system.db.CDbCommand.query(SHOW CREATE TABLE `products`)
2012/03/27 02:40:30 [profile] [system.db.CDbCommand.query] end:system.db.CDbCommand.query(SHOW CREATE TABLE `products`)
2012/03/27 02:40:30 [trace] [system.CModule] Loading "widgetFactory" application component
2012/03/27 02:40:36 [trace] [system.CModule] Loading "log" application component
2012/03/27 02:40:36 [trace] [system.CModule] Loading "request" application component
2012/03/27 02:40:36 [trace] [system.CModule] Loading "bootstrap" application component
2012/03/27 02:40:36 [trace] [system.CModule] Loading "clientScript" application component
2012/03/27 02:40:36 [trace] [system.CModule] Loading "assetManager" application component
2012/03/27 02:40:36 [trace] [system.CModule] Loading "viewRenderer" application component
2012/03/27 02:40:36 [trace] [system.CModule] Loading "db" application component
2012/03/27 02:40:36 [trace] [system.db.CDbConnection] Opening DB connection
2012/03/27 02:40:36 [trace] [system.CModule] Loading "urlManager" application component
2012/03/27 02:40:36 [trace] [system.web.filters.CFilterChain] Running filter HomeController.filteraccessControl()
2012/03/27 02:40:36 [trace] [system.CModule] Loading "user" application component
2012/03/27 02:40:36 [trace] [system.CModule] Loading "session" application component
2012/03/27 02:40:36 [trace] [system.CModule] Loading "messages" application component
2012/03/27 02:40:36 [trace] [system.db.CDbCommand] Querying SQL: SHOW COLUMNS FROM `products`
2012/03/27 02:40:36 [profile] [system.db.CDbCommand.query] begin:system.db.CDbCommand.query(SHOW COLUMNS FROM `products`)
2012/03/27 02:40:36 [profile] [system.db.CDbCommand.query] end:system.db.CDbCommand.query(SHOW COLUMNS FROM `products`)
2012/03/27 02:40:36 [trace] [system.db.CDbCommand] Querying SQL: SHOW CREATE TABLE `products`
2012/03/27 02:40:36 [profile] [system.db.CDbCommand.query] begin:system.db.CDbCommand.query(SHOW CREATE TABLE `products`)
2012/03/27 02:40:36 [profile] [system.db.CDbCommand.query] end:system.db.CDbCommand.query(SHOW CREATE TABLE `products`)
2012/03/27 02:40:36 [trace] [system.db.ar.CActiveRecord] Products.findAllByAttributes()
2012/03/27 02:40:36 [trace] [system.db.CDbCommand] Querying SQL: SELECT * FROM `products` `t` WHERE `t`.`type`=:yp0 ORDER BY price DESC LIMIT 5
2012/03/27 02:40:36 [profile] [system.db.CDbCommand.query] begin:system.db.CDbCommand.query(SELECT * FROM `products` `t` WHERE `t`.`type`=:yp0 ORDER BY price DESC LIMIT 5)
2012/03/27 02:40:36 [profile] [system.db.CDbCommand.query] end:system.db.CDbCommand.query(SELECT * FROM `products` `t` WHERE `t`.`type`=:yp0 ORDER BY price DESC LIMIT 5)
2012/03/27 02:40:36 [trace] [system.db.CDbCommand] Querying SQL: SHOW COLUMNS FROM `orders`
2012/03/27 02:40:36 [profile] [system.db.CDbCommand.query] begin:system.db.CDbCommand.query(SHOW COLUMNS FROM `orders`)
2012/03/27 02:40:36 [profile] [system.db.CDbCommand.query] end:system.db.CDbCommand.query(SHOW COLUMNS FROM `orders`)
2012/03/27 02:40:36 [trace] [system.db.CDbCommand] Querying SQL: SHOW CREATE TABLE `orders`
2012/03/27 02:40:36 [profile] [system.db.CDbCommand.query] begin:system.db.CDbCommand.query(SHOW CREATE TABLE `orders`)
2012/03/27 02:40:36 [profile] [system.db.CDbCommand.query] end:system.db.CDbCommand.query(SHOW CREATE TABLE `orders`)
2012/03/27 02:40:36 [trace] [system.CModule] Loading "themeManager" application component
2012/03/27 02:40:36 [trace] [system.CModule] Loading "widgetFactory" application component
2012/03/27 02:40:36 [trace] [system.db.ar.CActiveRecord] Orders.count()
2012/03/27 02:40:36 [trace] [system.db.CDbCommand] Querying SQL: SELECT COUNT(*) FROM `orders` `t` WHERE start_date >= '2012-03-27'
2012/03/27 02:40:36 [profile] [system.db.CDbCommand.query] begin:system.db.CDbCommand.query(SELECT COUNT(*) FROM `orders` `t` WHERE start_date >= '2012-03-27')
2012/03/27 02:40:36 [profile] [system.db.CDbCommand.query] end:system.db.CDbCommand.query(SELECT COUNT(*) FROM `orders` `t` WHERE start_date >= '2012-03-27')
2012/03/27 02:40:36 [trace] [system.db.ar.CActiveRecord] Orders.findAll()
2012/03/27 02:40:36 [trace] [system.db.CDbCommand] Querying SQL: SELECT * FROM `orders` `t` WHERE start_date >= '2012-03-27' ORDER BY start_date ASC LIMIT 20
2012/03/27 02:40:36 [profile] [system.db.CDbCommand.query] begin:system.db.CDbCommand.query(SELECT * FROM `orders` `t` WHERE start_date >= '2012-03-27' ORDER BY start_date ASC LIMIT 20)
2012/03/27 02:40:36 [profile] [system.db.CDbCommand.query] end:system.db.CDbCommand.query(SELECT * FROM `orders` `t` WHERE start_date >= '2012-03-27' ORDER BY start_date ASC LIMIT 20)
2012/03/27 02:40:36 [trace] [system.CModule] Loading "coreMessages" application component
2012/03/27 02:40:36 [trace] [system.CModule] Loading "format" application component
2012/03/27 02:40:36 [trace] [system.db.CDbCommand] Querying SQL: SHOW COLUMNS FROM `orders_history`
2012/03/27 02:40:36 [profile] [system.db.CDbCommand.query] begin:system.db.CDbCommand.query(SHOW COLUMNS FROM `orders_history`)
2012/03/27 02:40:36 [profile] [system.db.CDbCommand.query] end:system.db.CDbCommand.query(SHOW COLUMNS FROM `orders_history`)
2012/03/27 02:40:36 [trace] [system.db.CDbCommand] Querying SQL: SHOW CREATE TABLE `orders_history`
2012/03/27 02:40:36 [profile] [system.db.CDbCommand.query] begin:system.db.CDbCommand.query(SHOW CREATE TABLE `orders_history`)
2012/03/27 02:40:36 [profile] [system.db.CDbCommand.query] end:system.db.CDbCommand.query(SHOW CREATE TABLE `orders_history`)
2012/03/27 02:40:36 [trace] [system.db.ar.CActiveRecord] OrdersHistory.findByAttributes()
2012/03/27 02:40:36 [trace] [system.db.CDbCommand] Querying SQL: SELECT * FROM `orders_history` `t` WHERE `t`.`order_id`=:yp0 ORDER BY time DESC LIMIT 1
2012/03/27 02:40:36 [profile] [system.db.CDbCommand.query] begin:system.db.CDbCommand.query(SELECT * FROM `orders_history` `t` WHERE `t`.`order_id`=:yp0 ORDER BY time DESC LIMIT 1)
2012/03/27 02:40:36 [profile] [system.db.CDbCommand.query] end:system.db.CDbCommand.query(SELECT * FROM `orders_history` `t` WHERE `t`.`order_id`=:yp0 ORDER BY time DESC LIMIT 1)
2012/03/27 02:40:36 [trace] [system.db.ar.CActiveRecord] OrdersHistory.findByAttributes()
2012/03/27 02:40:36 [trace] [system.db.CDbCommand] Querying SQL: SELECT * FROM `orders_history` `t` WHERE `t`.`order_id`=:yp0 ORDER BY time DESC LIMIT 1
2012/03/27 02:40:36 [profile] [system.db.CDbCommand.query] begin:system.db.CDbCommand.query(SELECT * FROM `orders_history` `t` WHERE `t`.`order_id`=:yp0 ORDER BY time DESC LIMIT 1)
2012/03/27 02:40:36 [profile] [system.db.CDbCommand.query] end:system.db.CDbCommand.query(SELECT * FROM `orders_history` `t` WHERE `t`.`order_id`=:yp0 ORDER BY time DESC LIMIT 1)
2012/03/27 02:40:36 [trace] [system.db.ar.CActiveRecord] OrdersHistory.findByAttributes()
2012/03/27 02:40:36 [trace] [system.db.CDbCommand] Querying SQL: SELECT * FROM `orders_history` `t` WHERE `t`.`order_id`=:yp0 ORDER BY time DESC LIMIT 1
2012/03/27 02:40:36 [profile] [system.db.CDbCommand.query] begin:system.db.CDbCommand.query(SELECT * FROM `orders_history` `t` WHERE `t`.`order_id`=:yp0 ORDER BY time DESC LIMIT 1)
2012/03/27 02:40:36 [profile] [system.db.CDbCommand.query] end:system.db.CDbCommand.query(SELECT * FROM `orders_history` `t` WHERE `t`.`order_id`=:yp0 ORDER BY time DESC LIMIT 1)
2012/03/27 02:40:36 [trace] [system.db.ar.CActiveRecord] OrdersHistory.findByAttributes()
2012/03/27 02:40:36 [trace] [system.db.CDbCommand] Querying SQL: SELECT * FROM `orders_history` `t` WHERE `t`.`order_id`=:yp0 ORDER BY time DESC LIMIT 1
2012/03/27 02:40:36 [profile] [system.db.CDbCommand.query] begin:system.db.CDbCommand.query(SELECT * FROM `orders_history` `t` WHERE `t`.`order_id`=:yp0 ORDER BY time DESC LIMIT 1)
2012/03/27 02:40:36 [profile] [system.db.CDbCommand.query] end:system.db.CDbCommand.query(SELECT * FROM `orders_history` `t` WHERE `t`.`order_id`=:yp0 ORDER BY time DESC LIMIT 1)
2012/03/27 02:40:38 [trace] [system.CModule] Loading "log" application component
2012/03/27 02:40:38 [trace] [system.CModule] Loading "request" application component
2012/03/27 02:40:38 [trace] [system.CModule] Loading "bootstrap" application component
2012/03/27 02:40:38 [trace] [system.CModule] Loading "clientScript" application component
2012/03/27 02:40:38 [trace] [system.CModule] Loading "assetManager" application component
2012/03/27 02:40:38 [trace] [system.CModule] Loading "urlManager" application component
2012/03/27 02:40:38 [trace] [system.web.filters.CFilterChain] Running filter SearchController.filteraccessControl()
2012/03/27 02:40:38 [trace] [system.CModule] Loading "user" application component
2012/03/27 02:40:38 [trace] [system.CModule] Loading "session" application component
2012/03/27 02:40:38 [trace] [system.CModule] Loading "messages" application component
2012/03/27 02:40:38 [trace] [system.CModule] Loading "coreMessages" application component
2012/03/27 02:40:38 [trace] [system.CModule] Loading "themeManager" application component
2012/03/27 02:40:38 [trace] [system.CModule] Loading "db" application component
2012/03/27 02:40:38 [trace] [system.db.CDbConnection] Opening DB connection
2012/03/27 02:40:38 [trace] [system.db.CDbCommand] Querying SQL: SHOW COLUMNS FROM `products`
2012/03/27 02:40:38 [profile] [system.db.CDbCommand.query] begin:system.db.CDbCommand.query(SHOW COLUMNS FROM `products`)
2012/03/27 02:40:38 [profile] [system.db.CDbCommand.query] end:system.db.CDbCommand.query(SHOW COLUMNS FROM `products`)
2012/03/27 02:40:38 [trace] [system.db.CDbCommand] Querying SQL: SHOW CREATE TABLE `products`
2012/03/27 02:40:38 [profile] [system.db.CDbCommand.query] begin:system.db.CDbCommand.query(SHOW CREATE TABLE `products`)
2012/03/27 02:40:38 [profile] [system.db.CDbCommand.query] end:system.db.CDbCommand.query(SHOW CREATE TABLE `products`)
2012/03/27 02:40:38 [trace] [system.CModule] Loading "widgetFactory" application component
2012/03/27 02:40:40 [trace] [system.CModule] Loading "log" application component
2012/03/27 02:40:40 [trace] [system.CModule] Loading "request" application component
2012/03/27 02:40:40 [trace] [system.CModule] Loading "bootstrap" application component
2012/03/27 02:40:40 [trace] [system.CModule] Loading "clientScript" application component
2012/03/27 02:40:40 [trace] [system.CModule] Loading "assetManager" application component
2012/03/27 02:40:40 [trace] [system.CModule] Loading "urlManager" application component
2012/03/27 02:40:40 [trace] [system.web.filters.CFilterChain] Running filter SearchController.filteraccessControl()
2012/03/27 02:40:40 [trace] [system.CModule] Loading "user" application component
2012/03/27 02:40:40 [trace] [system.CModule] Loading "session" application component
2012/03/27 02:40:40 [trace] [system.CModule] Loading "messages" application component
2012/03/27 02:40:40 [trace] [system.CModule] Loading "coreMessages" application component
2012/03/27 02:40:40 [trace] [system.CModule] Loading "themeManager" application component
2012/03/27 02:40:40 [trace] [system.CModule] Loading "db" application component
2012/03/27 02:40:40 [trace] [system.db.CDbConnection] Opening DB connection
2012/03/27 02:40:40 [trace] [system.db.CDbCommand] Querying SQL: SHOW COLUMNS FROM `products`
2012/03/27 02:40:40 [profile] [system.db.CDbCommand.query] begin:system.db.CDbCommand.query(SHOW COLUMNS FROM `products`)
2012/03/27 02:40:40 [profile] [system.db.CDbCommand.query] end:system.db.CDbCommand.query(SHOW COLUMNS FROM `products`)
2012/03/27 02:40:40 [trace] [system.db.CDbCommand] Querying SQL: SHOW CREATE TABLE `products`
2012/03/27 02:40:40 [profile] [system.db.CDbCommand.query] begin:system.db.CDbCommand.query(SHOW CREATE TABLE `products`)
2012/03/27 02:40:40 [profile] [system.db.CDbCommand.query] end:system.db.CDbCommand.query(SHOW CREATE TABLE `products`)
2012/03/27 02:40:40 [trace] [system.CModule] Loading "widgetFactory" application component
2012/03/27 02:40:42 [trace] [system.CModule] Loading "log" application component
2012/03/27 02:40:42 [trace] [system.CModule] Loading "request" application component
2012/03/27 02:40:42 [trace] [system.CModule] Loading "bootstrap" application component
2012/03/27 02:40:42 [trace] [system.CModule] Loading "clientScript" application component
2012/03/27 02:40:42 [trace] [system.CModule] Loading "assetManager" application component
2012/03/27 02:40:42 [trace] [system.CModule] Loading "urlManager" application component
2012/03/27 02:40:42 [trace] [system.web.filters.CFilterChain] Running filter SearchController.filteraccessControl()
2012/03/27 02:40:42 [trace] [system.CModule] Loading "user" application component
2012/03/27 02:40:42 [trace] [system.CModule] Loading "session" application component
2012/03/27 02:40:42 [trace] [system.CModule] Loading "messages" application component
2012/03/27 02:40:42 [trace] [system.CModule] Loading "coreMessages" application component
2012/03/27 02:40:42 [trace] [system.CModule] Loading "themeManager" application component
2012/03/27 02:40:42 [trace] [system.CModule] Loading "db" application component
2012/03/27 02:40:42 [trace] [system.db.CDbConnection] Opening DB connection
2012/03/27 02:40:42 [trace] [system.db.CDbCommand] Querying SQL: SHOW COLUMNS FROM `products`
2012/03/27 02:40:42 [profile] [system.db.CDbCommand.query] begin:system.db.CDbCommand.query(SHOW COLUMNS FROM `products`)
2012/03/27 02:40:42 [profile] [system.db.CDbCommand.query] end:system.db.CDbCommand.query(SHOW COLUMNS FROM `products`)
2012/03/27 02:40:42 [trace] [system.db.CDbCommand] Querying SQL: SHOW CREATE TABLE `products`
2012/03/27 02:40:42 [profile] [system.db.CDbCommand.query] begin:system.db.CDbCommand.query(SHOW CREATE TABLE `products`)
2012/03/27 02:40:42 [profile] [system.db.CDbCommand.query] end:system.db.CDbCommand.query(SHOW CREATE TABLE `products`)
2012/03/27 02:40:42 [trace] [system.CModule] Loading "widgetFactory" application component
2012/03/27 02:40:44 [trace] [system.CModule] Loading "log" application component
2012/03/27 02:40:44 [trace] [system.CModule] Loading "request" application component
2012/03/27 02:40:44 [trace] [system.CModule] Loading "bootstrap" application component
2012/03/27 02:40:44 [trace] [system.CModule] Loading "clientScript" application component
2012/03/27 02:40:44 [trace] [system.CModule] Loading "assetManager" application component
2012/03/27 02:40:44 [trace] [system.CModule] Loading "urlManager" application component
2012/03/27 02:40:44 [trace] [system.web.filters.CFilterChain] Running filter SearchController.filteraccessControl()
2012/03/27 02:40:44 [trace] [system.CModule] Loading "user" application component
2012/03/27 02:40:44 [trace] [system.CModule] Loading "session" application component
2012/03/27 02:40:44 [trace] [system.CModule] Loading "messages" application component
2012/03/27 02:40:44 [trace] [system.CModule] Loading "coreMessages" application component
2012/03/27 02:40:44 [trace] [system.CModule] Loading "themeManager" application component
2012/03/27 02:40:44 [trace] [system.CModule] Loading "db" application component
2012/03/27 02:40:44 [trace] [system.db.CDbConnection] Opening DB connection
2012/03/27 02:40:44 [trace] [system.db.CDbCommand] Querying SQL: SHOW COLUMNS FROM `products`
2012/03/27 02:40:44 [profile] [system.db.CDbCommand.query] begin:system.db.CDbCommand.query(SHOW COLUMNS FROM `products`)
2012/03/27 02:40:44 [profile] [system.db.CDbCommand.query] end:system.db.CDbCommand.query(SHOW COLUMNS FROM `products`)
2012/03/27 02:40:44 [trace] [system.db.CDbCommand] Querying SQL: SHOW CREATE TABLE `products`
2012/03/27 02:40:44 [profile] [system.db.CDbCommand.query] begin:system.db.CDbCommand.query(SHOW CREATE TABLE `products`)
2012/03/27 02:40:44 [profile] [system.db.CDbCommand.query] end:system.db.CDbCommand.query(SHOW CREATE TABLE `products`)
2012/03/27 02:40:44 [trace] [system.CModule] Loading "widgetFactory" application component
2012/03/27 02:40:45 [trace] [system.CModule] Loading "log" application component
2012/03/27 02:40:45 [trace] [system.CModule] Loading "request" application component
2012/03/27 02:40:45 [trace] [system.CModule] Loading "bootstrap" application component
2012/03/27 02:40:45 [trace] [system.CModule] Loading "clientScript" application component
2012/03/27 02:40:45 [trace] [system.CModule] Loading "assetManager" application component
2012/03/27 02:40:45 [trace] [system.CModule] Loading "urlManager" application component
2012/03/27 02:40:45 [trace] [system.web.filters.CFilterChain] Running filter SearchController.filteraccessControl()
2012/03/27 02:40:45 [trace] [system.CModule] Loading "user" application component
2012/03/27 02:40:45 [trace] [system.CModule] Loading "session" application component
2012/03/27 02:40:45 [trace] [system.CModule] Loading "messages" application component
2012/03/27 02:40:45 [trace] [system.CModule] Loading "coreMessages" application component
2012/03/27 02:40:45 [trace] [system.CModule] Loading "themeManager" application component
2012/03/27 02:40:45 [trace] [system.CModule] Loading "db" application component
2012/03/27 02:40:45 [trace] [system.db.CDbConnection] Opening DB connection
2012/03/27 02:40:45 [trace] [system.db.CDbCommand] Querying SQL: SHOW COLUMNS FROM `products`
2012/03/27 02:40:45 [profile] [system.db.CDbCommand.query] begin:system.db.CDbCommand.query(SHOW COLUMNS FROM `products`)
2012/03/27 02:40:45 [profile] [system.db.CDbCommand.query] end:system.db.CDbCommand.query(SHOW COLUMNS FROM `products`)
2012/03/27 02:40:45 [trace] [system.db.CDbCommand] Querying SQL: SHOW CREATE TABLE `products`
2012/03/27 02:40:45 [profile] [system.db.CDbCommand.query] begin:system.db.CDbCommand.query(SHOW CREATE TABLE `products`)
2012/03/27 02:40:45 [profile] [system.db.CDbCommand.query] end:system.db.CDbCommand.query(SHOW CREATE TABLE `products`)
2012/03/27 02:40:45 [trace] [system.CModule] Loading "widgetFactory" application component
2012/03/27 02:40:47 [trace] [system.CModule] Loading "log" application component
2012/03/27 02:40:47 [trace] [system.CModule] Loading "request" application component
2012/03/27 02:40:47 [trace] [system.CModule] Loading "bootstrap" application component
2012/03/27 02:40:47 [trace] [system.CModule] Loading "clientScript" application component
2012/03/27 02:40:47 [trace] [system.CModule] Loading "assetManager" application component
2012/03/27 02:40:47 [trace] [system.CModule] Loading "urlManager" application component
2012/03/27 02:40:47 [trace] [system.web.filters.CFilterChain] Running filter SearchController.filteraccessControl()
2012/03/27 02:40:47 [trace] [system.CModule] Loading "user" application component
2012/03/27 02:40:47 [trace] [system.CModule] Loading "session" application component
2012/03/27 02:40:47 [trace] [system.CModule] Loading "messages" application component
2012/03/27 02:40:47 [trace] [system.CModule] Loading "coreMessages" application component
2012/03/27 02:40:47 [trace] [system.CModule] Loading "themeManager" application component
2012/03/27 02:40:47 [trace] [system.CModule] Loading "db" application component
2012/03/27 02:40:47 [trace] [system.db.CDbConnection] Opening DB connection
2012/03/27 02:40:47 [trace] [system.db.CDbCommand] Querying SQL: SHOW COLUMNS FROM `products`
2012/03/27 02:40:47 [profile] [system.db.CDbCommand.query] begin:system.db.CDbCommand.query(SHOW COLUMNS FROM `products`)
2012/03/27 02:40:47 [profile] [system.db.CDbCommand.query] end:system.db.CDbCommand.query(SHOW COLUMNS FROM `products`)
2012/03/27 02:40:47 [trace] [system.db.CDbCommand] Querying SQL: SHOW CREATE TABLE `products`
2012/03/27 02:40:47 [profile] [system.db.CDbCommand.query] begin:system.db.CDbCommand.query(SHOW CREATE TABLE `products`)
2012/03/27 02:40:47 [profile] [system.db.CDbCommand.query] end:system.db.CDbCommand.query(SHOW CREATE TABLE `products`)
2012/03/27 02:40:47 [trace] [system.CModule] Loading "widgetFactory" application component
2012/03/27 02:40:48 [trace] [system.CModule] Loading "log" application component
2012/03/27 02:40:48 [trace] [system.CModule] Loading "request" application component
2012/03/27 02:40:48 [trace] [system.CModule] Loading "bootstrap" application component
2012/03/27 02:40:48 [trace] [system.CModule] Loading "clientScript" application component
2012/03/27 02:40:48 [trace] [system.CModule] Loading "assetManager" application component
2012/03/27 02:40:48 [trace] [system.CModule] Loading "urlManager" application component
2012/03/27 02:40:48 [trace] [system.web.filters.CFilterChain] Running filter SearchController.filteraccessControl()
2012/03/27 02:40:48 [trace] [system.CModule] Loading "user" application component
2012/03/27 02:40:48 [trace] [system.CModule] Loading "session" application component
2012/03/27 02:40:48 [trace] [system.CModule] Loading "messages" application component
2012/03/27 02:40:48 [trace] [system.CModule] Loading "coreMessages" application component
2012/03/27 02:40:48 [trace] [system.CModule] Loading "themeManager" application component
2012/03/27 02:40:48 [trace] [system.CModule] Loading "db" application component
2012/03/27 02:40:48 [trace] [system.db.CDbConnection] Opening DB connection
2012/03/27 02:40:48 [trace] [system.db.CDbCommand] Querying SQL: SHOW COLUMNS FROM `products`
2012/03/27 02:40:48 [profile] [system.db.CDbCommand.query] begin:system.db.CDbCommand.query(SHOW COLUMNS FROM `products`)
2012/03/27 02:40:48 [profile] [system.db.CDbCommand.query] end:system.db.CDbCommand.query(SHOW COLUMNS FROM `products`)
2012/03/27 02:40:48 [trace] [system.db.CDbCommand] Querying SQL: SHOW CREATE TABLE `products`
2012/03/27 02:40:48 [profile] [system.db.CDbCommand.query] begin:system.db.CDbCommand.query(SHOW CREATE TABLE `products`)
2012/03/27 02:40:48 [profile] [system.db.CDbCommand.query] end:system.db.CDbCommand.query(SHOW CREATE TABLE `products`)
2012/03/27 02:40:48 [trace] [system.CModule] Loading "widgetFactory" application component
2012/03/27 02:40:58 [trace] [system.CModule] Loading "log" application component
2012/03/27 02:40:58 [trace] [system.CModule] Loading "request" application component
2012/03/27 02:40:58 [trace] [system.CModule] Loading "bootstrap" application component
2012/03/27 02:40:58 [trace] [system.CModule] Loading "clientScript" application component
2012/03/27 02:40:58 [trace] [system.CModule] Loading "assetManager" application component
2012/03/27 02:40:58 [trace] [system.CModule] Loading "urlManager" application component
2012/03/27 02:40:58 [trace] [system.web.filters.CFilterChain] Running filter SearchController.filteraccessControl()
2012/03/27 02:40:58 [trace] [system.CModule] Loading "user" application component
2012/03/27 02:40:58 [trace] [system.CModule] Loading "session" application component
2012/03/27 02:40:58 [trace] [system.CModule] Loading "messages" application component
2012/03/27 02:40:58 [trace] [system.CModule] Loading "coreMessages" application component
2012/03/27 02:40:58 [trace] [system.CModule] Loading "themeManager" application component
2012/03/27 02:40:58 [trace] [system.CModule] Loading "db" application component
2012/03/27 02:40:58 [trace] [system.db.CDbConnection] Opening DB connection
2012/03/27 02:40:58 [trace] [system.db.CDbCommand] Querying SQL: SHOW COLUMNS FROM `products`
2012/03/27 02:40:58 [profile] [system.db.CDbCommand.query] begin:system.db.CDbCommand.query(SHOW COLUMNS FROM `products`)
2012/03/27 02:40:59 [profile] [system.db.CDbCommand.query] end:system.db.CDbCommand.query(SHOW COLUMNS FROM `products`)
2012/03/27 02:40:59 [trace] [system.db.CDbCommand] Querying SQL: SHOW CREATE TABLE `products`
2012/03/27 02:40:59 [profile] [system.db.CDbCommand.query] begin:system.db.CDbCommand.query(SHOW CREATE TABLE `products`)
2012/03/27 02:40:59 [profile] [system.db.CDbCommand.query] end:system.db.CDbCommand.query(SHOW CREATE TABLE `products`)
2012/03/27 02:40:59 [trace] [system.CModule] Loading "widgetFactory" application component
2012/03/27 02:41:00 [trace] [system.CModule] Loading "log" application component
2012/03/27 02:41:00 [trace] [system.CModule] Loading "request" application component
2012/03/27 02:41:00 [trace] [system.CModule] Loading "bootstrap" application component
2012/03/27 02:41:00 [trace] [system.CModule] Loading "clientScript" application component
2012/03/27 02:41:00 [trace] [system.CModule] Loading "assetManager" application component
2012/03/27 02:41:00 [trace] [system.CModule] Loading "urlManager" application component
2012/03/27 02:41:00 [trace] [system.web.filters.CFilterChain] Running filter SearchController.filteraccessControl()
2012/03/27 02:41:00 [trace] [system.CModule] Loading "user" application component
2012/03/27 02:41:00 [trace] [system.CModule] Loading "session" application component
2012/03/27 02:41:00 [trace] [system.CModule] Loading "messages" application component
2012/03/27 02:41:00 [trace] [system.CModule] Loading "coreMessages" application component
2012/03/27 02:41:00 [trace] [system.CModule] Loading "themeManager" application component
2012/03/27 02:41:00 [trace] [system.CModule] Loading "db" application component
2012/03/27 02:41:00 [trace] [system.db.CDbConnection] Opening DB connection
2012/03/27 02:41:00 [trace] [system.db.CDbCommand] Querying SQL: SHOW COLUMNS FROM `products`
2012/03/27 02:41:00 [profile] [system.db.CDbCommand.query] begin:system.db.CDbCommand.query(SHOW COLUMNS FROM `products`)
2012/03/27 02:41:00 [profile] [system.db.CDbCommand.query] end:system.db.CDbCommand.query(SHOW COLUMNS FROM `products`)
2012/03/27 02:41:00 [trace] [system.db.CDbCommand] Querying SQL: SHOW CREATE TABLE `products`
2012/03/27 02:41:00 [profile] [system.db.CDbCommand.query] begin:system.db.CDbCommand.query(SHOW CREATE TABLE `products`)
2012/03/27 02:41:00 [profile] [system.db.CDbCommand.query] end:system.db.CDbCommand.query(SHOW CREATE TABLE `products`)
2012/03/27 02:41:00 [trace] [system.CModule] Loading "widgetFactory" application component
2012/03/27 02:41:01 [trace] [system.CModule] Loading "log" application component
2012/03/27 02:41:01 [trace] [system.CModule] Loading "request" application component
2012/03/27 02:41:01 [trace] [system.CModule] Loading "bootstrap" application component
2012/03/27 02:41:01 [trace] [system.CModule] Loading "clientScript" application component
2012/03/27 02:41:01 [trace] [system.CModule] Loading "assetManager" application component
2012/03/27 02:41:01 [trace] [system.CModule] Loading "urlManager" application component
2012/03/27 02:41:01 [trace] [system.web.filters.CFilterChain] Running filter SearchController.filteraccessControl()
2012/03/27 02:41:01 [trace] [system.CModule] Loading "user" application component
2012/03/27 02:41:01 [trace] [system.CModule] Loading "session" application component
2012/03/27 02:41:01 [trace] [system.CModule] Loading "messages" application component
2012/03/27 02:41:01 [trace] [system.CModule] Loading "coreMessages" application component
2012/03/27 02:41:01 [trace] [system.CModule] Loading "themeManager" application component
2012/03/27 02:41:01 [trace] [system.CModule] Loading "db" application component
2012/03/27 02:41:01 [trace] [system.db.CDbConnection] Opening DB connection
2012/03/27 02:41:01 [trace] [system.db.CDbCommand] Querying SQL: SHOW COLUMNS FROM `products`
2012/03/27 02:41:01 [profile] [system.db.CDbCommand.query] begin:system.db.CDbCommand.query(SHOW COLUMNS FROM `products`)
2012/03/27 02:41:01 [profile] [system.db.CDbCommand.query] end:system.db.CDbCommand.query(SHOW COLUMNS FROM `products`)
2012/03/27 02:41:01 [trace] [system.db.CDbCommand] Querying SQL: SHOW CREATE TABLE `products`
2012/03/27 02:41:01 [profile] [system.db.CDbCommand.query] begin:system.db.CDbCommand.query(SHOW CREATE TABLE `products`)
2012/03/27 02:41:01 [profile] [system.db.CDbCommand.query] end:system.db.CDbCommand.query(SHOW CREATE TABLE `products`)
2012/03/27 02:41:01 [trace] [system.CModule] Loading "widgetFactory" application component
2012/03/27 02:41:03 [trace] [system.CModule] Loading "log" application component
2012/03/27 02:41:03 [trace] [system.CModule] Loading "request" application component
2012/03/27 02:41:03 [trace] [system.CModule] Loading "bootstrap" application component
2012/03/27 02:41:03 [trace] [system.CModule] Loading "clientScript" application component
2012/03/27 02:41:03 [trace] [system.CModule] Loading "assetManager" application component
2012/03/27 02:41:03 [trace] [system.CModule] Loading "urlManager" application component
2012/03/27 02:41:03 [trace] [system.web.filters.CFilterChain] Running filter SearchController.filteraccessControl()
2012/03/27 02:41:03 [trace] [system.CModule] Loading "user" application component
2012/03/27 02:41:03 [trace] [system.CModule] Loading "session" application component
2012/03/27 02:41:03 [trace] [system.CModule] Loading "messages" application component
2012/03/27 02:41:03 [trace] [system.CModule] Loading "coreMessages" application component
2012/03/27 02:41:03 [trace] [system.CModule] Loading "themeManager" application component
2012/03/27 02:41:03 [trace] [system.CModule] Loading "db" application component
2012/03/27 02:41:03 [trace] [system.db.CDbConnection] Opening DB connection
2012/03/27 02:41:03 [trace] [system.db.CDbCommand] Querying SQL: SHOW COLUMNS FROM `products`
2012/03/27 02:41:03 [profile] [system.db.CDbCommand.query] begin:system.db.CDbCommand.query(SHOW COLUMNS FROM `products`)
2012/03/27 02:41:03 [profile] [system.db.CDbCommand.query] end:system.db.CDbCommand.query(SHOW COLUMNS FROM `products`)
2012/03/27 02:41:03 [trace] [system.db.CDbCommand] Querying SQL: SHOW CREATE TABLE `products`
2012/03/27 02:41:03 [profile] [system.db.CDbCommand.query] begin:system.db.CDbCommand.query(SHOW CREATE TABLE `products`)
2012/03/27 02:41:03 [profile] [system.db.CDbCommand.query] end:system.db.CDbCommand.query(SHOW CREATE TABLE `products`)
2012/03/27 02:41:03 [trace] [system.CModule] Loading "widgetFactory" application component
2012/03/27 02:42:06 [trace] [system.CModule] Loading "log" application component
2012/03/27 02:42:06 [trace] [system.CModule] Loading "request" application component
2012/03/27 02:42:06 [trace] [system.CModule] Loading "bootstrap" application component
2012/03/27 02:42:06 [trace] [system.CModule] Loading "clientScript" application component
2012/03/27 02:42:06 [trace] [system.CModule] Loading "assetManager" application component
2012/03/27 02:42:06 [trace] [system.CModule] Loading "viewRenderer" application component
2012/03/27 02:42:06 [trace] [system.CModule] Loading "db" application component
2012/03/27 02:42:06 [trace] [system.db.CDbConnection] Opening DB connection
2012/03/27 02:42:06 [trace] [system.CModule] Loading "urlManager" application component
2012/03/27 02:42:06 [trace] [system.web.filters.CFilterChain] Running filter HomeController.filteraccessControl()
2012/03/27 02:42:06 [trace] [system.CModule] Loading "user" application component
2012/03/27 02:42:06 [trace] [system.CModule] Loading "session" application component
2012/03/27 02:42:06 [trace] [system.CModule] Loading "messages" application component
2012/03/27 02:42:06 [trace] [system.db.CDbCommand] Querying SQL: SHOW COLUMNS FROM `products`
2012/03/27 02:42:06 [profile] [system.db.CDbCommand.query] begin:system.db.CDbCommand.query(SHOW COLUMNS FROM `products`)
2012/03/27 02:42:06 [profile] [system.db.CDbCommand.query] end:system.db.CDbCommand.query(SHOW COLUMNS FROM `products`)
2012/03/27 02:42:06 [trace] [system.db.CDbCommand] Querying SQL: SHOW CREATE TABLE `products`
2012/03/27 02:42:06 [profile] [system.db.CDbCommand.query] begin:system.db.CDbCommand.query(SHOW CREATE TABLE `products`)
2012/03/27 02:42:06 [profile] [system.db.CDbCommand.query] end:system.db.CDbCommand.query(SHOW CREATE TABLE `products`)
2012/03/27 02:42:06 [trace] [system.db.ar.CActiveRecord] Products.findAllByAttributes()
2012/03/27 02:42:06 [trace] [system.db.CDbCommand] Querying SQL: SELECT * FROM `products` `t` WHERE `t`.`type`=:yp0 ORDER BY price DESC LIMIT 5
2012/03/27 02:42:06 [profile] [system.db.CDbCommand.query] begin:system.db.CDbCommand.query(SELECT * FROM `products` `t` WHERE `t`.`type`=:yp0 ORDER BY price DESC LIMIT 5)
2012/03/27 02:42:06 [profile] [system.db.CDbCommand.query] end:system.db.CDbCommand.query(SELECT * FROM `products` `t` WHERE `t`.`type`=:yp0 ORDER BY price DESC LIMIT 5)
2012/03/27 02:42:06 [trace] [system.db.CDbCommand] Querying SQL: SHOW COLUMNS FROM `orders`
2012/03/27 02:42:06 [profile] [system.db.CDbCommand.query] begin:system.db.CDbCommand.query(SHOW COLUMNS FROM `orders`)
2012/03/27 02:42:06 [profile] [system.db.CDbCommand.query] end:system.db.CDbCommand.query(SHOW COLUMNS FROM `orders`)
2012/03/27 02:42:06 [trace] [system.db.CDbCommand] Querying SQL: SHOW CREATE TABLE `orders`
2012/03/27 02:42:06 [profile] [system.db.CDbCommand.query] begin:system.db.CDbCommand.query(SHOW CREATE TABLE `orders`)
2012/03/27 02:42:06 [profile] [system.db.CDbCommand.query] end:system.db.CDbCommand.query(SHOW CREATE TABLE `orders`)
2012/03/27 02:42:06 [trace] [system.CModule] Loading "themeManager" application component
2012/03/27 02:42:06 [trace] [system.CModule] Loading "widgetFactory" application component
2012/03/27 02:42:06 [trace] [system.db.ar.CActiveRecord] Orders.count()
2012/03/27 02:42:06 [trace] [system.db.CDbCommand] Querying SQL: SELECT COUNT(*) FROM `orders` `t` WHERE start_date >= '2012-03-27'
2012/03/27 02:42:06 [profile] [system.db.CDbCommand.query] begin:system.db.CDbCommand.query(SELECT COUNT(*) FROM `orders` `t` WHERE start_date >= '2012-03-27')
2012/03/27 02:42:06 [profile] [system.db.CDbCommand.query] end:system.db.CDbCommand.query(SELECT COUNT(*) FROM `orders` `t` WHERE start_date >= '2012-03-27')
2012/03/27 02:42:06 [trace] [system.db.ar.CActiveRecord] Orders.findAll()
2012/03/27 02:42:06 [trace] [system.db.CDbCommand] Querying SQL: SELECT * FROM `orders` `t` WHERE start_date >= '2012-03-27' ORDER BY start_date ASC LIMIT 20
2012/03/27 02:42:06 [profile] [system.db.CDbCommand.query] begin:system.db.CDbCommand.query(SELECT * FROM `orders` `t` WHERE start_date >= '2012-03-27' ORDER BY start_date ASC LIMIT 20)
2012/03/27 02:42:06 [profile] [system.db.CDbCommand.query] end:system.db.CDbCommand.query(SELECT * FROM `orders` `t` WHERE start_date >= '2012-03-27' ORDER BY start_date ASC LIMIT 20)
2012/03/27 02:42:06 [trace] [system.CModule] Loading "coreMessages" application component
2012/03/27 02:42:06 [trace] [system.CModule] Loading "format" application component
2012/03/27 02:42:06 [trace] [system.db.CDbCommand] Querying SQL: SHOW COLUMNS FROM `orders_history`
2012/03/27 02:42:06 [profile] [system.db.CDbCommand.query] begin:system.db.CDbCommand.query(SHOW COLUMNS FROM `orders_history`)
2012/03/27 02:42:06 [profile] [system.db.CDbCommand.query] end:system.db.CDbCommand.query(SHOW COLUMNS FROM `orders_history`)
2012/03/27 02:42:06 [trace] [system.db.CDbCommand] Querying SQL: SHOW CREATE TABLE `orders_history`
2012/03/27 02:42:06 [profile] [system.db.CDbCommand.query] begin:system.db.CDbCommand.query(SHOW CREATE TABLE `orders_history`)
2012/03/27 02:42:06 [profile] [system.db.CDbCommand.query] end:system.db.CDbCommand.query(SHOW CREATE TABLE `orders_history`)
2012/03/27 02:42:06 [trace] [system.db.ar.CActiveRecord] OrdersHistory.findByAttributes()
2012/03/27 02:42:06 [trace] [system.db.CDbCommand] Querying SQL: SELECT * FROM `orders_history` `t` WHERE `t`.`order_id`=:yp0 ORDER BY time DESC LIMIT 1
2012/03/27 02:42:06 [profile] [system.db.CDbCommand.query] begin:system.db.CDbCommand.query(SELECT * FROM `orders_history` `t` WHERE `t`.`order_id`=:yp0 ORDER BY time DESC LIMIT 1)
2012/03/27 02:42:06 [profile] [system.db.CDbCommand.query] end:system.db.CDbCommand.query(SELECT * FROM `orders_history` `t` WHERE `t`.`order_id`=:yp0 ORDER BY time DESC LIMIT 1)
2012/03/27 02:42:06 [trace] [system.db.ar.CActiveRecord] OrdersHistory.findByAttributes()
2012/03/27 02:42:06 [trace] [system.db.CDbCommand] Querying SQL: SELECT * FROM `orders_history` `t` WHERE `t`.`order_id`=:yp0 ORDER BY time DESC LIMIT 1
2012/03/27 02:42:06 [profile] [system.db.CDbCommand.query] begin:system.db.CDbCommand.query(SELECT * FROM `orders_history` `t` WHERE `t`.`order_id`=:yp0 ORDER BY time DESC LIMIT 1)
2012/03/27 02:42:06 [profile] [system.db.CDbCommand.query] end:system.db.CDbCommand.query(SELECT * FROM `orders_history` `t` WHERE `t`.`order_id`=:yp0 ORDER BY time DESC LIMIT 1)
2012/03/27 02:42:06 [trace] [system.db.ar.CActiveRecord] OrdersHistory.findByAttributes()
2012/03/27 02:42:06 [trace] [system.db.CDbCommand] Querying SQL: SELECT * FROM `orders_history` `t` WHERE `t`.`order_id`=:yp0 ORDER BY time DESC LIMIT 1
2012/03/27 02:42:06 [profile] [system.db.CDbCommand.query] begin:system.db.CDbCommand.query(SELECT * FROM `orders_history` `t` WHERE `t`.`order_id`=:yp0 ORDER BY time DESC LIMIT 1)
2012/03/27 02:42:06 [profile] [system.db.CDbCommand.query] end:system.db.CDbCommand.query(SELECT * FROM `orders_history` `t` WHERE `t`.`order_id`=:yp0 ORDER BY time DESC LIMIT 1)
2012/03/27 02:42:06 [trace] [system.db.ar.CActiveRecord] OrdersHistory.findByAttributes()
2012/03/27 02:42:06 [trace] [system.db.CDbCommand] Querying SQL: SELECT * FROM `orders_history` `t` WHERE `t`.`order_id`=:yp0 ORDER BY time DESC LIMIT 1
2012/03/27 02:42:06 [profile] [system.db.CDbCommand.query] begin:system.db.CDbCommand.query(SELECT * FROM `orders_history` `t` WHERE `t`.`order_id`=:yp0 ORDER BY time DESC LIMIT 1)
2012/03/27 02:42:06 [profile] [system.db.CDbCommand.query] end:system.db.CDbCommand.query(SELECT * FROM `orders_history` `t` WHERE `t`.`order_id`=:yp0 ORDER BY time DESC LIMIT 1)
2012/03/27 02:42:08 [trace] [system.CModule] Loading "log" application component
2012/03/27 02:42:08 [trace] [system.CModule] Loading "request" application component
2012/03/27 02:42:08 [trace] [system.CModule] Loading "bootstrap" application component
2012/03/27 02:42:08 [trace] [system.CModule] Loading "clientScript" application component
2012/03/27 02:42:08 [trace] [system.CModule] Loading "assetManager" application component
2012/03/27 02:42:08 [trace] [system.CModule] Loading "urlManager" application component
2012/03/27 02:42:08 [trace] [system.web.filters.CFilterChain] Running filter SearchController.filteraccessControl()
2012/03/27 02:42:08 [trace] [system.CModule] Loading "user" application component
2012/03/27 02:42:08 [trace] [system.CModule] Loading "session" application component
2012/03/27 02:42:08 [trace] [system.CModule] Loading "messages" application component
2012/03/27 02:42:08 [trace] [system.CModule] Loading "coreMessages" application component
2012/03/27 02:42:08 [trace] [system.CModule] Loading "themeManager" application component
2012/03/27 02:42:08 [trace] [system.CModule] Loading "db" application component
2012/03/27 02:42:08 [trace] [system.db.CDbConnection] Opening DB connection
2012/03/27 02:42:08 [trace] [system.db.CDbCommand] Querying SQL: SHOW COLUMNS FROM `products`
2012/03/27 02:42:08 [profile] [system.db.CDbCommand.query] begin:system.db.CDbCommand.query(SHOW COLUMNS FROM `products`)
2012/03/27 02:42:08 [profile] [system.db.CDbCommand.query] end:system.db.CDbCommand.query(SHOW COLUMNS FROM `products`)
2012/03/27 02:42:08 [trace] [system.db.CDbCommand] Querying SQL: SHOW CREATE TABLE `products`
2012/03/27 02:42:08 [profile] [system.db.CDbCommand.query] begin:system.db.CDbCommand.query(SHOW CREATE TABLE `products`)
2012/03/27 02:42:08 [profile] [system.db.CDbCommand.query] end:system.db.CDbCommand.query(SHOW CREATE TABLE `products`)
2012/03/27 02:42:08 [trace] [system.CModule] Loading "widgetFactory" application component
2012/03/27 02:42:13 [trace] [system.CModule] Loading "log" application component
2012/03/27 02:42:13 [trace] [system.CModule] Loading "request" application component
2012/03/27 02:42:13 [trace] [system.CModule] Loading "bootstrap" application component
2012/03/27 02:42:13 [trace] [system.CModule] Loading "clientScript" application component
2012/03/27 02:42:13 [trace] [system.CModule] Loading "assetManager" application component
2012/03/27 02:42:13 [trace] [system.CModule] Loading "urlManager" application component
2012/03/27 02:42:13 [trace] [system.web.filters.CFilterChain] Running filter SearchController.filteraccessControl()
2012/03/27 02:42:13 [trace] [system.CModule] Loading "user" application component
2012/03/27 02:42:13 [trace] [system.CModule] Loading "session" application component
2012/03/27 02:42:13 [trace] [system.CModule] Loading "messages" application component
2012/03/27 02:42:13 [trace] [system.CModule] Loading "coreMessages" application component
2012/03/27 02:42:13 [trace] [system.CModule] Loading "themeManager" application component
2012/03/27 02:42:13 [trace] [system.CModule] Loading "db" application component
2012/03/27 02:42:13 [trace] [system.db.CDbConnection] Opening DB connection
2012/03/27 02:42:13 [trace] [system.db.CDbCommand] Querying SQL: SHOW COLUMNS FROM `products`
2012/03/27 02:42:13 [profile] [system.db.CDbCommand.query] begin:system.db.CDbCommand.query(SHOW COLUMNS FROM `products`)
2012/03/27 02:42:13 [profile] [system.db.CDbCommand.query] end:system.db.CDbCommand.query(SHOW COLUMNS FROM `products`)
2012/03/27 02:42:13 [trace] [system.db.CDbCommand] Querying SQL: SHOW CREATE TABLE `products`
2012/03/27 02:42:13 [profile] [system.db.CDbCommand.query] begin:system.db.CDbCommand.query(SHOW CREATE TABLE `products`)
2012/03/27 02:42:13 [profile] [system.db.CDbCommand.query] end:system.db.CDbCommand.query(SHOW CREATE TABLE `products`)
2012/03/27 02:42:13 [trace] [system.CModule] Loading "widgetFactory" application component
2012/03/27 02:42:14 [trace] [system.CModule] Loading "log" application component
2012/03/27 02:42:14 [trace] [system.CModule] Loading "request" application component
2012/03/27 02:42:14 [trace] [system.CModule] Loading "bootstrap" application component
2012/03/27 02:42:14 [trace] [system.CModule] Loading "clientScript" application component
2012/03/27 02:42:14 [trace] [system.CModule] Loading "assetManager" application component
2012/03/27 02:42:14 [trace] [system.CModule] Loading "urlManager" application component
2012/03/27 02:42:14 [trace] [system.web.filters.CFilterChain] Running filter SearchController.filteraccessControl()
2012/03/27 02:42:14 [trace] [system.CModule] Loading "user" application component
2012/03/27 02:42:14 [trace] [system.CModule] Loading "session" application component
2012/03/27 02:42:14 [trace] [system.CModule] Loading "messages" application component
2012/03/27 02:42:14 [trace] [system.CModule] Loading "coreMessages" application component
2012/03/27 02:42:14 [trace] [system.CModule] Loading "themeManager" application component
2012/03/27 02:42:14 [trace] [system.CModule] Loading "db" application component
2012/03/27 02:42:14 [trace] [system.db.CDbConnection] Opening DB connection
2012/03/27 02:42:14 [trace] [system.db.CDbCommand] Querying SQL: SHOW COLUMNS FROM `products`
2012/03/27 02:42:14 [profile] [system.db.CDbCommand.query] begin:system.db.CDbCommand.query(SHOW COLUMNS FROM `products`)
2012/03/27 02:42:14 [profile] [system.db.CDbCommand.query] end:system.db.CDbCommand.query(SHOW COLUMNS FROM `products`)
2012/03/27 02:42:14 [trace] [system.db.CDbCommand] Querying SQL: SHOW CREATE TABLE `products`
2012/03/27 02:42:14 [profile] [system.db.CDbCommand.query] begin:system.db.CDbCommand.query(SHOW CREATE TABLE `products`)
2012/03/27 02:42:14 [profile] [system.db.CDbCommand.query] end:system.db.CDbCommand.query(SHOW CREATE TABLE `products`)
2012/03/27 02:42:14 [trace] [system.CModule] Loading "widgetFactory" application component
2012/03/27 02:42:15 [trace] [system.CModule] Loading "log" application component
2012/03/27 02:42:15 [trace] [system.CModule] Loading "request" application component
2012/03/27 02:42:15 [trace] [system.CModule] Loading "bootstrap" application component
2012/03/27 02:42:15 [trace] [system.CModule] Loading "clientScript" application component
2012/03/27 02:42:15 [trace] [system.CModule] Loading "assetManager" application component
2012/03/27 02:42:15 [trace] [system.CModule] Loading "urlManager" application component
2012/03/27 02:42:15 [trace] [system.web.filters.CFilterChain] Running filter SearchController.filteraccessControl()
2012/03/27 02:42:15 [trace] [system.CModule] Loading "user" application component
2012/03/27 02:42:15 [trace] [system.CModule] Loading "session" application component
2012/03/27 02:42:15 [trace] [system.CModule] Loading "messages" application component
2012/03/27 02:42:15 [trace] [system.CModule] Loading "coreMessages" application component
2012/03/27 02:42:15 [trace] [system.CModule] Loading "themeManager" application component
2012/03/27 02:42:15 [trace] [system.CModule] Loading "db" application component
2012/03/27 02:42:15 [trace] [system.db.CDbConnection] Opening DB connection
2012/03/27 02:42:15 [trace] [system.db.CDbCommand] Querying SQL: SHOW COLUMNS FROM `products`
2012/03/27 02:42:15 [profile] [system.db.CDbCommand.query] begin:system.db.CDbCommand.query(SHOW COLUMNS FROM `products`)
2012/03/27 02:42:15 [profile] [system.db.CDbCommand.query] end:system.db.CDbCommand.query(SHOW COLUMNS FROM `products`)
2012/03/27 02:42:15 [trace] [system.db.CDbCommand] Querying SQL: SHOW CREATE TABLE `products`
2012/03/27 02:42:15 [profile] [system.db.CDbCommand.query] begin:system.db.CDbCommand.query(SHOW CREATE TABLE `products`)
2012/03/27 02:42:15 [profile] [system.db.CDbCommand.query] end:system.db.CDbCommand.query(SHOW CREATE TABLE `products`)
2012/03/27 02:42:15 [trace] [system.CModule] Loading "widgetFactory" application component
2012/03/27 04:47:42 [trace] [system.CModule] Loading "log" application component
2012/03/27 04:47:42 [trace] [system.CModule] Loading "request" application component
2012/03/27 04:47:42 [trace] [system.CModule] Loading "bootstrap" application component
2012/03/27 04:47:42 [trace] [system.CModule] Loading "clientScript" application component
2012/03/27 04:47:42 [trace] [system.CModule] Loading "assetManager" application component
2012/03/27 04:47:44 [trace] [system.CModule] Loading "viewRenderer" application component
2012/03/27 04:47:44 [trace] [system.CModule] Loading "db" application component
2012/03/27 04:47:44 [trace] [system.db.CDbConnection] Opening DB connection
2012/03/27 04:47:45 [trace] [system.CModule] Loading "urlManager" application component
2012/03/27 04:47:45 [trace] [system.web.filters.CFilterChain] Running filter HomeController.filteraccessControl()
2012/03/27 04:47:45 [trace] [system.CModule] Loading "user" application component
2012/03/27 04:47:45 [trace] [system.CModule] Loading "session" application component
2012/03/27 04:47:45 [trace] [system.CModule] Loading "messages" application component
2012/03/27 04:47:46 [trace] [system.db.CDbCommand] Querying SQL: SHOW COLUMNS FROM `products`
2012/03/27 04:47:46 [profile] [system.db.CDbCommand.query] begin:system.db.CDbCommand.query(SHOW COLUMNS FROM `products`)
2012/03/27 04:47:46 [profile] [system.db.CDbCommand.query] end:system.db.CDbCommand.query(SHOW COLUMNS FROM `products`)
2012/03/27 04:47:46 [trace] [system.db.CDbCommand] Querying SQL: SHOW CREATE TABLE `products`
2012/03/27 04:47:46 [profile] [system.db.CDbCommand.query] begin:system.db.CDbCommand.query(SHOW CREATE TABLE `products`)
2012/03/27 04:47:46 [profile] [system.db.CDbCommand.query] end:system.db.CDbCommand.query(SHOW CREATE TABLE `products`)
2012/03/27 04:47:46 [trace] [system.db.ar.CActiveRecord] Products.findAllByAttributes()
2012/03/27 04:47:46 [trace] [system.db.CDbCommand] Querying SQL: SELECT * FROM `products` `t` WHERE `t`.`type`=:yp0 ORDER BY price DESC LIMIT 5
2012/03/27 04:47:46 [profile] [system.db.CDbCommand.query] begin:system.db.CDbCommand.query(SELECT * FROM `products` `t` WHERE `t`.`type`=:yp0 ORDER BY price DESC LIMIT 5)
2012/03/27 04:47:46 [profile] [system.db.CDbCommand.query] end:system.db.CDbCommand.query(SELECT * FROM `products` `t` WHERE `t`.`type`=:yp0 ORDER BY price DESC LIMIT 5)
2012/03/27 04:47:46 [trace] [system.db.CDbCommand] Querying SQL: SHOW COLUMNS FROM `orders`
2012/03/27 04:47:46 [profile] [system.db.CDbCommand.query] begin:system.db.CDbCommand.query(SHOW COLUMNS FROM `orders`)
2012/03/27 04:47:46 [profile] [system.db.CDbCommand.query] end:system.db.CDbCommand.query(SHOW COLUMNS FROM `orders`)
2012/03/27 04:47:46 [trace] [system.db.CDbCommand] Querying SQL: SHOW CREATE TABLE `orders`
2012/03/27 04:47:46 [profile] [system.db.CDbCommand.query] begin:system.db.CDbCommand.query(SHOW CREATE TABLE `orders`)
2012/03/27 04:47:46 [profile] [system.db.CDbCommand.query] end:system.db.CDbCommand.query(SHOW CREATE TABLE `orders`)
2012/03/27 04:47:47 [trace] [system.CModule] Loading "themeManager" application component
2012/03/27 04:47:47 [trace] [system.CModule] Loading "widgetFactory" application component
2012/03/27 04:47:47 [trace] [system.db.ar.CActiveRecord] Orders.count()
2012/03/27 04:47:47 [trace] [system.db.CDbCommand] Querying SQL: SELECT COUNT(*) FROM `orders` `t` WHERE start_date >= '2012-03-27'
2012/03/27 04:47:47 [profile] [system.db.CDbCommand.query] begin:system.db.CDbCommand.query(SELECT COUNT(*) FROM `orders` `t` WHERE start_date >= '2012-03-27')
2012/03/27 04:47:47 [profile] [system.db.CDbCommand.query] end:system.db.CDbCommand.query(SELECT COUNT(*) FROM `orders` `t` WHERE start_date >= '2012-03-27')
2012/03/27 04:47:47 [trace] [system.db.ar.CActiveRecord] Orders.findAll()
2012/03/27 04:47:47 [trace] [system.db.CDbCommand] Querying SQL: SELECT * FROM `orders` `t` WHERE start_date >= '2012-03-27' ORDER BY start_date ASC LIMIT 20
2012/03/27 04:47:47 [profile] [system.db.CDbCommand.query] begin:system.db.CDbCommand.query(SELECT * FROM `orders` `t` WHERE start_date >= '2012-03-27' ORDER BY start_date ASC LIMIT 20)
2012/03/27 04:47:47 [profile] [system.db.CDbCommand.query] end:system.db.CDbCommand.query(SELECT * FROM `orders` `t` WHERE start_date >= '2012-03-27' ORDER BY start_date ASC LIMIT 20)
2012/03/27 04:47:47 [trace] [system.CModule] Loading "coreMessages" application component
2012/03/27 04:47:47 [trace] [system.CModule] Loading "format" application component
2012/03/27 04:47:47 [trace] [system.db.CDbCommand] Querying SQL: SHOW COLUMNS FROM `orders_history`
2012/03/27 04:47:47 [profile] [system.db.CDbCommand.query] begin:system.db.CDbCommand.query(SHOW COLUMNS FROM `orders_history`)
2012/03/27 04:47:47 [profile] [system.db.CDbCommand.query] end:system.db.CDbCommand.query(SHOW COLUMNS FROM `orders_history`)
2012/03/27 04:47:47 [trace] [system.db.CDbCommand] Querying SQL: SHOW CREATE TABLE `orders_history`
2012/03/27 04:47:47 [profile] [system.db.CDbCommand.query] begin:system.db.CDbCommand.query(SHOW CREATE TABLE `orders_history`)
2012/03/27 04:47:47 [profile] [system.db.CDbCommand.query] end:system.db.CDbCommand.query(SHOW CREATE TABLE `orders_history`)
2012/03/27 04:47:47 [trace] [system.db.ar.CActiveRecord] OrdersHistory.findByAttributes()
2012/03/27 04:47:47 [trace] [system.db.CDbCommand] Querying SQL: SELECT * FROM `orders_history` `t` WHERE `t`.`order_id`=:yp0 ORDER BY time DESC LIMIT 1
2012/03/27 04:47:47 [profile] [system.db.CDbCommand.query] begin:system.db.CDbCommand.query(SELECT * FROM `orders_history` `t` WHERE `t`.`order_id`=:yp0 ORDER BY time DESC LIMIT 1)
2012/03/27 04:47:47 [profile] [system.db.CDbCommand.query] end:system.db.CDbCommand.query(SELECT * FROM `orders_history` `t` WHERE `t`.`order_id`=:yp0 ORDER BY time DESC LIMIT 1)
2012/03/27 04:47:47 [trace] [system.db.ar.CActiveRecord] OrdersHistory.findByAttributes()
2012/03/27 04:47:47 [trace] [system.db.CDbCommand] Querying SQL: SELECT * FROM `orders_history` `t` WHERE `t`.`order_id`=:yp0 ORDER BY time DESC LIMIT 1
2012/03/27 04:47:47 [profile] [system.db.CDbCommand.query] begin:system.db.CDbCommand.query(SELECT * FROM `orders_history` `t` WHERE `t`.`order_id`=:yp0 ORDER BY time DESC LIMIT 1)
2012/03/27 04:47:47 [profile] [system.db.CDbCommand.query] end:system.db.CDbCommand.query(SELECT * FROM `orders_history` `t` WHERE `t`.`order_id`=:yp0 ORDER BY time DESC LIMIT 1)
2012/03/27 04:47:47 [trace] [system.db.ar.CActiveRecord] OrdersHistory.findByAttributes()
2012/03/27 04:47:47 [trace] [system.db.CDbCommand] Querying SQL: SELECT * FROM `orders_history` `t` WHERE `t`.`order_id`=:yp0 ORDER BY time DESC LIMIT 1
2012/03/27 04:47:47 [profile] [system.db.CDbCommand.query] begin:system.db.CDbCommand.query(SELECT * FROM `orders_history` `t` WHERE `t`.`order_id`=:yp0 ORDER BY time DESC LIMIT 1)
2012/03/27 04:47:47 [profile] [system.db.CDbCommand.query] end:system.db.CDbCommand.query(SELECT * FROM `orders_history` `t` WHERE `t`.`order_id`=:yp0 ORDER BY time DESC LIMIT 1)
2012/03/27 04:47:47 [trace] [system.db.ar.CActiveRecord] OrdersHistory.findByAttributes()
2012/03/27 04:47:47 [trace] [system.db.CDbCommand] Querying SQL: SELECT * FROM `orders_history` `t` WHERE `t`.`order_id`=:yp0 ORDER BY time DESC LIMIT 1
2012/03/27 04:47:47 [profile] [system.db.CDbCommand.query] begin:system.db.CDbCommand.query(SELECT * FROM `orders_history` `t` WHERE `t`.`order_id`=:yp0 ORDER BY time DESC LIMIT 1)
2012/03/27 04:47:47 [profile] [system.db.CDbCommand.query] end:system.db.CDbCommand.query(SELECT * FROM `orders_history` `t` WHERE `t`.`order_id`=:yp0 ORDER BY time DESC LIMIT 1)
2012/03/27 04:48:32 [trace] [system.CModule] Loading "log" application component
2012/03/27 04:48:32 [trace] [system.CModule] Loading "request" application component
2012/03/27 04:48:32 [trace] [system.CModule] Loading "bootstrap" application component
2012/03/27 04:48:32 [trace] [system.CModule] Loading "clientScript" application component
2012/03/27 04:48:32 [trace] [system.CModule] Loading "assetManager" application component
2012/03/27 04:48:33 [trace] [system.CModule] Loading "urlManager" application component
2012/03/27 04:48:33 [trace] [system.web.filters.CFilterChain] Running filter SearchController.filteraccessControl()
2012/03/27 04:48:33 [trace] [system.CModule] Loading "user" application component
2012/03/27 04:48:33 [trace] [system.CModule] Loading "session" application component
2012/03/27 04:48:33 [trace] [system.CModule] Loading "messages" application component
2012/03/27 04:48:33 [trace] [system.CModule] Loading "coreMessages" application component
2012/03/27 04:48:33 [trace] [system.CModule] Loading "themeManager" application component
2012/03/27 04:48:33 [trace] [system.CModule] Loading "db" application component
2012/03/27 04:48:33 [trace] [system.db.CDbConnection] Opening DB connection
2012/03/27 04:48:33 [trace] [system.db.CDbCommand] Querying SQL: SHOW COLUMNS FROM `products`
2012/03/27 04:48:33 [profile] [system.db.CDbCommand.query] begin:system.db.CDbCommand.query(SHOW COLUMNS FROM `products`)
2012/03/27 04:48:33 [profile] [system.db.CDbCommand.query] end:system.db.CDbCommand.query(SHOW COLUMNS FROM `products`)
2012/03/27 04:48:33 [trace] [system.db.CDbCommand] Querying SQL: SHOW CREATE TABLE `products`
2012/03/27 04:48:33 [profile] [system.db.CDbCommand.query] begin:system.db.CDbCommand.query(SHOW CREATE TABLE `products`)
2012/03/27 04:48:33 [profile] [system.db.CDbCommand.query] end:system.db.CDbCommand.query(SHOW CREATE TABLE `products`)
2012/03/27 04:48:33 [trace] [system.CModule] Loading "widgetFactory" application component
2012/03/27 04:48:39 [trace] [system.CModule] Loading "log" application component
2012/03/27 04:48:39 [trace] [system.CModule] Loading "request" application component
2012/03/27 04:48:39 [trace] [system.CModule] Loading "bootstrap" application component
2012/03/27 04:48:39 [trace] [system.CModule] Loading "clientScript" application component
2012/03/27 04:48:39 [trace] [system.CModule] Loading "assetManager" application component
2012/03/27 04:48:39 [trace] [system.CModule] Loading "urlManager" application component
2012/03/27 04:48:39 [trace] [system.web.filters.CFilterChain] Running filter SearchController.filteraccessControl()
2012/03/27 04:48:39 [trace] [system.CModule] Loading "user" application component
2012/03/27 04:48:39 [trace] [system.CModule] Loading "session" application component
2012/03/27 04:48:39 [trace] [system.CModule] Loading "messages" application component
2012/03/27 04:48:39 [trace] [system.CModule] Loading "coreMessages" application component
2012/03/27 04:48:39 [trace] [system.CModule] Loading "themeManager" application component
2012/03/27 04:48:39 [trace] [system.CModule] Loading "db" application component
2012/03/27 04:48:39 [trace] [system.db.CDbConnection] Opening DB connection
2012/03/27 04:48:39 [trace] [system.db.CDbCommand] Querying SQL: SHOW COLUMNS FROM `products`
2012/03/27 04:48:39 [profile] [system.db.CDbCommand.query] begin:system.db.CDbCommand.query(SHOW COLUMNS FROM `products`)
2012/03/27 04:48:39 [profile] [system.db.CDbCommand.query] end:system.db.CDbCommand.query(SHOW COLUMNS FROM `products`)
2012/03/27 04:48:39 [trace] [system.db.CDbCommand] Querying SQL: SHOW CREATE TABLE `products`
2012/03/27 04:48:39 [profile] [system.db.CDbCommand.query] begin:system.db.CDbCommand.query(SHOW CREATE TABLE `products`)
2012/03/27 04:48:39 [profile] [system.db.CDbCommand.query] end:system.db.CDbCommand.query(SHOW CREATE TABLE `products`)
2012/03/27 04:48:39 [trace] [system.CModule] Loading "widgetFactory" application component
2012/03/27 04:48:41 [trace] [system.CModule] Loading "log" application component
2012/03/27 04:48:41 [trace] [system.CModule] Loading "request" application component
2012/03/27 04:48:41 [trace] [system.CModule] Loading "bootstrap" application component
2012/03/27 04:48:41 [trace] [system.CModule] Loading "clientScript" application component
2012/03/27 04:48:41 [trace] [system.CModule] Loading "assetManager" application component
2012/03/27 04:48:41 [trace] [system.CModule] Loading "urlManager" application component
2012/03/27 04:48:41 [trace] [system.web.filters.CFilterChain] Running filter SearchController.filteraccessControl()
2012/03/27 04:48:41 [trace] [system.CModule] Loading "user" application component
2012/03/27 04:48:41 [trace] [system.CModule] Loading "session" application component
2012/03/27 04:48:41 [trace] [system.CModule] Loading "messages" application component
2012/03/27 04:48:41 [trace] [system.CModule] Loading "coreMessages" application component
2012/03/27 04:48:41 [trace] [system.CModule] Loading "themeManager" application component
2012/03/27 04:48:41 [trace] [system.CModule] Loading "db" application component
2012/03/27 04:48:41 [trace] [system.db.CDbConnection] Opening DB connection
2012/03/27 04:48:41 [trace] [system.db.CDbCommand] Querying SQL: SHOW COLUMNS FROM `products`
2012/03/27 04:48:41 [profile] [system.db.CDbCommand.query] begin:system.db.CDbCommand.query(SHOW COLUMNS FROM `products`)
2012/03/27 04:48:41 [profile] [system.db.CDbCommand.query] end:system.db.CDbCommand.query(SHOW COLUMNS FROM `products`)
2012/03/27 04:48:41 [trace] [system.db.CDbCommand] Querying SQL: SHOW CREATE TABLE `products`
2012/03/27 04:48:41 [profile] [system.db.CDbCommand.query] begin:system.db.CDbCommand.query(SHOW CREATE TABLE `products`)
2012/03/27 04:48:41 [profile] [system.db.CDbCommand.query] end:system.db.CDbCommand.query(SHOW CREATE TABLE `products`)
2012/03/27 04:48:41 [trace] [system.CModule] Loading "widgetFactory" application component
2012/03/27 04:48:46 [trace] [system.CModule] Loading "log" application component
2012/03/27 04:48:46 [trace] [system.CModule] Loading "request" application component
2012/03/27 04:48:46 [trace] [system.CModule] Loading "bootstrap" application component
2012/03/27 04:48:46 [trace] [system.CModule] Loading "clientScript" application component
2012/03/27 04:48:46 [trace] [system.CModule] Loading "assetManager" application component
2012/03/27 04:48:46 [trace] [system.CModule] Loading "urlManager" application component
2012/03/27 04:48:46 [trace] [system.web.filters.CFilterChain] Running filter SearchController.filteraccessControl()
2012/03/27 04:48:46 [trace] [system.CModule] Loading "user" application component
2012/03/27 04:48:46 [trace] [system.CModule] Loading "session" application component
2012/03/27 04:48:46 [trace] [system.CModule] Loading "messages" application component
2012/03/27 04:48:46 [trace] [system.CModule] Loading "coreMessages" application component
2012/03/27 04:48:46 [trace] [system.CModule] Loading "themeManager" application component
2012/03/27 04:48:46 [trace] [system.CModule] Loading "db" application component
2012/03/27 04:48:46 [trace] [system.db.CDbConnection] Opening DB connection
2012/03/27 04:48:46 [trace] [system.db.CDbCommand] Querying SQL: SHOW COLUMNS FROM `products`
2012/03/27 04:48:46 [profile] [system.db.CDbCommand.query] begin:system.db.CDbCommand.query(SHOW COLUMNS FROM `products`)
2012/03/27 04:48:46 [profile] [system.db.CDbCommand.query] end:system.db.CDbCommand.query(SHOW COLUMNS FROM `products`)
2012/03/27 04:48:46 [trace] [system.db.CDbCommand] Querying SQL: SHOW CREATE TABLE `products`
2012/03/27 04:48:46 [profile] [system.db.CDbCommand.query] begin:system.db.CDbCommand.query(SHOW CREATE TABLE `products`)
2012/03/27 04:48:46 [profile] [system.db.CDbCommand.query] end:system.db.CDbCommand.query(SHOW CREATE TABLE `products`)
2012/03/27 04:48:46 [trace] [system.CModule] Loading "widgetFactory" application component
2012/03/27 04:48:47 [trace] [system.CModule] Loading "log" application component
2012/03/27 04:48:47 [trace] [system.CModule] Loading "request" application component
2012/03/27 04:48:47 [trace] [system.CModule] Loading "bootstrap" application component
2012/03/27 04:48:47 [trace] [system.CModule] Loading "clientScript" application component
2012/03/27 04:48:47 [trace] [system.CModule] Loading "assetManager" application component
2012/03/27 04:48:47 [trace] [system.CModule] Loading "urlManager" application component
2012/03/27 04:48:47 [trace] [system.web.filters.CFilterChain] Running filter SearchController.filteraccessControl()
2012/03/27 04:48:47 [trace] [system.CModule] Loading "user" application component
2012/03/27 04:48:47 [trace] [system.CModule] Loading "session" application component
2012/03/27 04:48:47 [trace] [system.CModule] Loading "messages" application component
2012/03/27 04:48:47 [trace] [system.CModule] Loading "coreMessages" application component
2012/03/27 04:48:47 [trace] [system.CModule] Loading "themeManager" application component
2012/03/27 04:48:47 [trace] [system.CModule] Loading "db" application component
2012/03/27 04:48:47 [trace] [system.db.CDbConnection] Opening DB connection
2012/03/27 04:48:47 [trace] [system.db.CDbCommand] Querying SQL: SHOW COLUMNS FROM `products`
2012/03/27 04:48:47 [profile] [system.db.CDbCommand.query] begin:system.db.CDbCommand.query(SHOW COLUMNS FROM `products`)
2012/03/27 04:48:47 [profile] [system.db.CDbCommand.query] end:system.db.CDbCommand.query(SHOW COLUMNS FROM `products`)
2012/03/27 04:48:47 [trace] [system.db.CDbCommand] Querying SQL: SHOW CREATE TABLE `products`
2012/03/27 04:48:47 [profile] [system.db.CDbCommand.query] begin:system.db.CDbCommand.query(SHOW CREATE TABLE `products`)
2012/03/27 04:48:47 [profile] [system.db.CDbCommand.query] end:system.db.CDbCommand.query(SHOW CREATE TABLE `products`)
2012/03/27 04:48:47 [trace] [system.CModule] Loading "widgetFactory" application component
2012/03/27 04:48:52 [trace] [system.CModule] Loading "log" application component
2012/03/27 04:48:52 [trace] [system.CModule] Loading "request" application component
2012/03/27 04:48:52 [trace] [system.CModule] Loading "bootstrap" application component
2012/03/27 04:48:52 [trace] [system.CModule] Loading "clientScript" application component
2012/03/27 04:48:52 [trace] [system.CModule] Loading "assetManager" application component
2012/03/27 04:48:52 [trace] [system.CModule] Loading "urlManager" application component
2012/03/27 04:48:52 [trace] [system.web.filters.CFilterChain] Running filter SearchController.filteraccessControl()
2012/03/27 04:48:52 [trace] [system.CModule] Loading "user" application component
2012/03/27 04:48:52 [trace] [system.CModule] Loading "session" application component
2012/03/27 04:48:52 [trace] [system.CModule] Loading "messages" application component
2012/03/27 04:48:52 [trace] [system.CModule] Loading "db" application component
2012/03/27 04:48:52 [trace] [system.db.CDbConnection] Opening DB connection
2012/03/27 04:48:53 [trace] [system.db.CDbCommand] Querying SQL: SHOW COLUMNS FROM `products`
2012/03/27 04:48:53 [profile] [system.db.CDbCommand.query] begin:system.db.CDbCommand.query(SHOW COLUMNS FROM `products`)
2012/03/27 04:48:53 [profile] [system.db.CDbCommand.query] end:system.db.CDbCommand.query(SHOW COLUMNS FROM `products`)
2012/03/27 04:48:53 [trace] [system.db.CDbCommand] Querying SQL: SHOW CREATE TABLE `products`
2012/03/27 04:48:53 [profile] [system.db.CDbCommand.query] begin:system.db.CDbCommand.query(SHOW CREATE TABLE `products`)
2012/03/27 04:48:53 [profile] [system.db.CDbCommand.query] end:system.db.CDbCommand.query(SHOW CREATE TABLE `products`)
2012/03/27 04:48:53 [trace] [system.db.ar.CActiveRecord] Products.findAll()
2012/03/27 04:48:53 [trace] [system.db.CDbCommand] Querying SQL: SELECT * FROM `products` `t`
2012/03/27 04:48:53 [profile] [system.db.CDbCommand.query] begin:system.db.CDbCommand.query(SELECT * FROM `products` `t`)
2012/03/27 04:48:53 [profile] [system.db.CDbCommand.query] end:system.db.CDbCommand.query(SELECT * FROM `products` `t`)
2012/03/27 04:48:53 [debug] [] Validate format successed
2012/03/27 04:48:53 [debug] [] 
2012/03/27 04:48:53 [debug] [] Validate format successed
2012/03/27 04:48:53 [debug] [] 
2012/03/27 04:48:53 [debug] [] Validate format successed
2012/03/27 04:48:53 [debug] [] 
2012/03/27 04:48:53 [trace] [system.CModule] Loading "themeManager" application component
2012/03/27 04:48:53 [trace] [system.CModule] Loading "coreMessages" application component
2012/03/27 04:48:53 [trace] [system.CModule] Loading "widgetFactory" application component
2012/03/27 04:48:57 [trace] [system.CModule] Loading "log" application component
2012/03/27 04:48:57 [trace] [system.CModule] Loading "request" application component
2012/03/27 04:48:57 [trace] [system.CModule] Loading "bootstrap" application component
2012/03/27 04:48:57 [trace] [system.CModule] Loading "clientScript" application component
2012/03/27 04:48:57 [trace] [system.CModule] Loading "assetManager" application component
2012/03/27 04:48:57 [trace] [system.CModule] Loading "urlManager" application component
2012/03/27 04:48:57 [trace] [system.web.filters.CFilterChain] Running filter SearchController.filteraccessControl()
2012/03/27 04:48:57 [trace] [system.CModule] Loading "user" application component
2012/03/27 04:48:57 [trace] [system.CModule] Loading "session" application component
2012/03/27 04:48:57 [trace] [system.CModule] Loading "messages" application component
2012/03/27 04:48:57 [trace] [system.CModule] Loading "db" application component
2012/03/27 04:48:57 [trace] [system.db.CDbConnection] Opening DB connection
2012/03/27 04:48:57 [trace] [system.db.CDbCommand] Querying SQL: SHOW COLUMNS FROM `products`
2012/03/27 04:48:57 [profile] [system.db.CDbCommand.query] begin:system.db.CDbCommand.query(SHOW COLUMNS FROM `products`)
2012/03/27 04:48:57 [profile] [system.db.CDbCommand.query] end:system.db.CDbCommand.query(SHOW COLUMNS FROM `products`)
2012/03/27 04:48:57 [trace] [system.db.CDbCommand] Querying SQL: SHOW CREATE TABLE `products`
2012/03/27 04:48:57 [profile] [system.db.CDbCommand.query] begin:system.db.CDbCommand.query(SHOW CREATE TABLE `products`)
2012/03/27 04:48:57 [profile] [system.db.CDbCommand.query] end:system.db.CDbCommand.query(SHOW CREATE TABLE `products`)
2012/03/27 04:48:57 [trace] [system.db.ar.CActiveRecord] Products.findAll()
2012/03/27 04:48:57 [trace] [system.db.CDbCommand] Querying SQL: SELECT * FROM `products` `t`
2012/03/27 04:48:57 [profile] [system.db.CDbCommand.query] begin:system.db.CDbCommand.query(SELECT * FROM `products` `t`)
2012/03/27 04:48:57 [profile] [system.db.CDbCommand.query] end:system.db.CDbCommand.query(SELECT * FROM `products` `t`)
2012/03/27 04:48:57 [debug] [] Validate format successed
2012/03/27 04:48:57 [debug] [] 
2012/03/27 04:48:57 [debug] [] Validate format successed
2012/03/27 04:48:57 [debug] [] 
2012/03/27 04:48:57 [debug] [] Validate format successed
2012/03/27 04:48:57 [debug] [] 
2012/03/27 04:48:57 [trace] [system.CModule] Loading "themeManager" application component
2012/03/27 04:48:57 [trace] [system.CModule] Loading "coreMessages" application component
2012/03/27 04:48:57 [trace] [system.CModule] Loading "widgetFactory" application component
2012/03/27 04:49:04 [trace] [system.CModule] Loading "log" application component
2012/03/27 04:49:04 [trace] [system.CModule] Loading "request" application component
2012/03/27 04:49:04 [trace] [system.CModule] Loading "bootstrap" application component
2012/03/27 04:49:04 [trace] [system.CModule] Loading "clientScript" application component
2012/03/27 04:49:04 [trace] [system.CModule] Loading "assetManager" application component
2012/03/27 04:49:04 [trace] [system.CModule] Loading "urlManager" application component
2012/03/27 04:49:04 [trace] [system.web.filters.CFilterChain] Running filter SearchController.filteraccessControl()
2012/03/27 04:49:04 [trace] [system.CModule] Loading "user" application component
2012/03/27 04:49:04 [trace] [system.CModule] Loading "session" application component
2012/03/27 04:49:04 [trace] [system.CModule] Loading "messages" application component
2012/03/27 04:49:04 [trace] [system.CModule] Loading "db" application component
2012/03/27 04:49:04 [trace] [system.db.CDbConnection] Opening DB connection
2012/03/27 04:49:04 [trace] [system.db.CDbCommand] Querying SQL: SHOW COLUMNS FROM `products`
2012/03/27 04:49:04 [profile] [system.db.CDbCommand.query] begin:system.db.CDbCommand.query(SHOW COLUMNS FROM `products`)
2012/03/27 04:49:04 [profile] [system.db.CDbCommand.query] end:system.db.CDbCommand.query(SHOW COLUMNS FROM `products`)
2012/03/27 04:49:04 [trace] [system.db.CDbCommand] Querying SQL: SHOW CREATE TABLE `products`
2012/03/27 04:49:04 [profile] [system.db.CDbCommand.query] begin:system.db.CDbCommand.query(SHOW CREATE TABLE `products`)
2012/03/27 04:49:04 [profile] [system.db.CDbCommand.query] end:system.db.CDbCommand.query(SHOW CREATE TABLE `products`)
2012/03/27 04:49:04 [trace] [system.db.ar.CActiveRecord] Products.findAll()
2012/03/27 04:49:04 [trace] [system.db.CDbCommand] Querying SQL: SELECT * FROM `products` `t`
2012/03/27 04:49:04 [profile] [system.db.CDbCommand.query] begin:system.db.CDbCommand.query(SELECT * FROM `products` `t`)
2012/03/27 04:49:04 [profile] [system.db.CDbCommand.query] end:system.db.CDbCommand.query(SELECT * FROM `products` `t`)
2012/03/27 04:49:04 [debug] [] Validate format successed
2012/03/27 04:49:04 [debug] [] 
2012/03/27 04:49:04 [debug] [] Validate format successed
2012/03/27 04:49:04 [debug] [] 
2012/03/27 04:49:04 [debug] [] Validate format successed
2012/03/27 04:49:04 [debug] [] 
2012/03/27 04:49:04 [trace] [system.CModule] Loading "themeManager" application component
2012/03/27 04:49:04 [trace] [system.CModule] Loading "coreMessages" application component
2012/03/27 04:49:04 [trace] [system.CModule] Loading "widgetFactory" application component
2012/03/27 04:49:21 [trace] [system.CModule] Loading "log" application component
2012/03/27 04:49:21 [trace] [system.CModule] Loading "request" application component
2012/03/27 04:49:21 [trace] [system.CModule] Loading "bootstrap" application component
2012/03/27 04:49:21 [trace] [system.CModule] Loading "clientScript" application component
2012/03/27 04:49:21 [trace] [system.CModule] Loading "assetManager" application component
2012/03/27 04:49:21 [trace] [system.CModule] Loading "urlManager" application component
2012/03/27 04:49:21 [trace] [system.web.filters.CFilterChain] Running filter SearchController.filteraccessControl()
2012/03/27 04:49:21 [trace] [system.CModule] Loading "user" application component
2012/03/27 04:49:21 [trace] [system.CModule] Loading "session" application component
2012/03/27 04:49:21 [trace] [system.CModule] Loading "messages" application component
2012/03/27 04:49:21 [trace] [system.CModule] Loading "db" application component
2012/03/27 04:49:21 [trace] [system.db.CDbConnection] Opening DB connection
2012/03/27 04:49:21 [trace] [system.db.CDbCommand] Querying SQL: SHOW COLUMNS FROM `products`
2012/03/27 04:49:21 [profile] [system.db.CDbCommand.query] begin:system.db.CDbCommand.query(SHOW COLUMNS FROM `products`)
2012/03/27 04:49:21 [profile] [system.db.CDbCommand.query] end:system.db.CDbCommand.query(SHOW COLUMNS FROM `products`)
2012/03/27 04:49:21 [trace] [system.db.CDbCommand] Querying SQL: SHOW CREATE TABLE `products`
2012/03/27 04:49:21 [profile] [system.db.CDbCommand.query] begin:system.db.CDbCommand.query(SHOW CREATE TABLE `products`)
2012/03/27 04:49:21 [profile] [system.db.CDbCommand.query] end:system.db.CDbCommand.query(SHOW CREATE TABLE `products`)
2012/03/27 04:49:21 [trace] [system.db.ar.CActiveRecord] Products.findAll()
2012/03/27 04:49:21 [trace] [system.db.CDbCommand] Querying SQL: SELECT * FROM `products` `t`
2012/03/27 04:49:21 [profile] [system.db.CDbCommand.query] begin:system.db.CDbCommand.query(SELECT * FROM `products` `t`)
2012/03/27 04:49:21 [profile] [system.db.CDbCommand.query] end:system.db.CDbCommand.query(SELECT * FROM `products` `t`)
2012/03/27 04:49:21 [debug] [] Validate format successed
2012/03/27 04:49:21 [trace] [system.db.CDbCommand] Querying SQL: SHOW COLUMNS FROM `orders`
2012/03/27 04:49:21 [profile] [system.db.CDbCommand.query] begin:system.db.CDbCommand.query(SHOW COLUMNS FROM `orders`)
2012/03/27 04:49:21 [profile] [system.db.CDbCommand.query] end:system.db.CDbCommand.query(SHOW COLUMNS FROM `orders`)
2012/03/27 04:49:21 [trace] [system.db.CDbCommand] Querying SQL: SHOW CREATE TABLE `orders`
2012/03/27 04:49:21 [profile] [system.db.CDbCommand.query] begin:system.db.CDbCommand.query(SHOW CREATE TABLE `orders`)
2012/03/27 04:49:21 [profile] [system.db.CDbCommand.query] end:system.db.CDbCommand.query(SHOW CREATE TABLE `orders`)
2012/03/27 04:49:21 [trace] [system.db.ar.CActiveRecord] Orders.findAll()
2012/03/27 04:49:21 [trace] [system.db.CDbCommand] Querying SQL: SELECT * FROM `orders` `t` WHERE (product_id = 'RM102') AND (
			((start_time <= '6:00') and (end_time > '6:00')) 
			or
			((start_time < '8:00') and (end_time >= '8:00')) 
			or
			((start_time >= '6:00') and (end_time <= '8:00'))
		)
2012/03/27 04:49:21 [profile] [system.db.CDbCommand.query] begin:system.db.CDbCommand.query(SELECT * FROM `orders` `t` WHERE (product_id = 'RM102') AND (
			((start_time <= '6:00') and (end_time > '6:00')) 
			or
			((start_time < '8:00') and (end_time >= '8:00')) 
			or
			((start_time >= '6:00') and (end_time <= '8:00'))
		))
2012/03/27 04:49:21 [profile] [system.db.CDbCommand.query] end:system.db.CDbCommand.query(SELECT * FROM `orders` `t` WHERE (product_id = 'RM102') AND (
			((start_time <= '6:00') and (end_time > '6:00')) 
			or
			((start_time < '8:00') and (end_time >= '8:00')) 
			or
			((start_time >= '6:00') and (end_time <= '8:00'))
		))
2012/03/27 04:49:21 [debug] [] Have time conflict
2012/03/27 04:49:21 [debug] [] Validate logic success
2012/03/27 04:49:21 [debug] [] Validate format successed
2012/03/27 04:49:21 [trace] [system.db.ar.CActiveRecord] Orders.findAll()
2012/03/27 04:49:21 [trace] [system.db.CDbCommand] Querying SQL: SELECT * FROM `orders` `t` WHERE (product_id = 'RM110') AND (
			((start_time <= '6:00') and (end_time > '6:00')) 
			or
			((start_time < '8:00') and (end_time >= '8:00')) 
			or
			((start_time >= '6:00') and (end_time <= '8:00'))
		)
2012/03/27 04:49:21 [profile] [system.db.CDbCommand.query] begin:system.db.CDbCommand.query(SELECT * FROM `orders` `t` WHERE (product_id = 'RM110') AND (
			((start_time <= '6:00') and (end_time > '6:00')) 
			or
			((start_time < '8:00') and (end_time >= '8:00')) 
			or
			((start_time >= '6:00') and (end_time <= '8:00'))
		))
2012/03/27 04:49:21 [profile] [system.db.CDbCommand.query] end:system.db.CDbCommand.query(SELECT * FROM `orders` `t` WHERE (product_id = 'RM110') AND (
			((start_time <= '6:00') and (end_time > '6:00')) 
			or
			((start_time < '8:00') and (end_time >= '8:00')) 
			or
			((start_time >= '6:00') and (end_time <= '8:00'))
		))
2012/03/27 04:49:21 [debug] [] Don't have time conflict
2012/03/27 04:49:21 [debug] [] Validate format successed
2012/03/27 04:49:21 [trace] [system.db.ar.CActiveRecord] Orders.findAll()
2012/03/27 04:49:21 [trace] [system.db.CDbCommand] Querying SQL: SELECT * FROM `orders` `t` WHERE (product_id = 'RM119') AND (
			((start_time <= '6:00') and (end_time > '6:00')) 
			or
			((start_time < '8:00') and (end_time >= '8:00')) 
			or
			((start_time >= '6:00') and (end_time <= '8:00'))
		)
2012/03/27 04:49:21 [profile] [system.db.CDbCommand.query] begin:system.db.CDbCommand.query(SELECT * FROM `orders` `t` WHERE (product_id = 'RM119') AND (
			((start_time <= '6:00') and (end_time > '6:00')) 
			or
			((start_time < '8:00') and (end_time >= '8:00')) 
			or
			((start_time >= '6:00') and (end_time <= '8:00'))
		))
2012/03/27 04:49:21 [profile] [system.db.CDbCommand.query] end:system.db.CDbCommand.query(SELECT * FROM `orders` `t` WHERE (product_id = 'RM119') AND (
			((start_time <= '6:00') and (end_time > '6:00')) 
			or
			((start_time < '8:00') and (end_time >= '8:00')) 
			or
			((start_time >= '6:00') and (end_time <= '8:00'))
		))
2012/03/27 04:49:21 [debug] [] Don't have time conflict
2012/03/27 04:49:21 [trace] [system.CModule] Loading "themeManager" application component
2012/03/27 04:49:21 [trace] [system.CModule] Loading "widgetFactory" application component
2012/03/27 04:49:21 [trace] [system.CModule] Loading "coreMessages" application component
2012/03/27 04:49:21 [trace] [system.CModule] Loading "format" application component
