2012/03/19 18:21:25 [error] [exception.CHttpException.404] exception 'CHttpException' with message 'システムは要求されたアクション "update" を見つけられません。' in D:\xampp\htdocs\framework\web\CController.php:484
Stack trace:
#0 D:\xampp\htdocs\framework\web\CController.php(271): CController->missingAction('update')
#1 D:\xampp\htdocs\framework\web\CWebApplication.php(276): CController->run('update')
#2 D:\xampp\htdocs\framework\web\CWebApplication.php(135): CWebApplication->runController('admin/product/u...')
#3 D:\xampp\htdocs\framework\base\CApplication.php(162): CWebApplication->processRequest()
#4 D:\xampp\htdocs\rent\index.php(13): CApplication->run()
#5 {main}
REQUEST_URI=/rent/admin/product/update/id/RM102
HTTP_REFERER=http://localhost/rent/admin/product
---
2012/03/19 18:28:54 [error] [exception.CHttpException.404] exception 'CHttpException' with message 'システムは要求されたアクション "delete" を見つけられません。' in D:\xampp\htdocs\framework\web\CController.php:484
Stack trace:
#0 D:\xampp\htdocs\framework\web\CController.php(271): CController->missingAction('delete')
#1 D:\xampp\htdocs\framework\web\CWebApplication.php(276): CController->run('delete')
#2 D:\xampp\htdocs\framework\web\CWebApplication.php(135): CWebApplication->runController('admin/product/d...')
#3 D:\xampp\htdocs\framework\base\CApplication.php(162): CWebApplication->processRequest()
#4 D:\xampp\htdocs\rent\index.php(13): CApplication->run()
#5 {main}
REQUEST_URI=/rent/admin/product/delete/id/RM706?ajax=yw0
HTTP_REFERER=http://localhost/rent/admin/product
---
2012/03/19 18:50:31 [error] [exception.CHttpException.404] exception 'CHttpException' with message 'リクエスト"images//rent/uploads/products/thiet-ke-phong-hop-3.jpg"を解決できません。' in D:\xampp\htdocs\framework\web\CWebApplication.php:280
Stack trace:
#0 D:\xampp\htdocs\framework\web\CWebApplication.php(135): CWebApplication->runController('images//rent/up...')
#1 D:\xampp\htdocs\framework\base\CApplication.php(162): CWebApplication->processRequest()
#2 D:\xampp\htdocs\rent\index.php(13): CApplication->run()
#3 {main}
REQUEST_URI=/rent/images//rent/uploads/products/thiet-ke-phong-hop-3.jpg
HTTP_REFERER=http://localhost/rent/product/view/pid/RM102
---
2012/03/19 18:50:52 [error] [exception.CHttpException.404] exception 'CHttpException' with message 'リクエスト"rent/uploads/products/thiet-ke-phong-hop-3.jpg"を解決できません。' in D:\xampp\htdocs\framework\web\CWebApplication.php:280
Stack trace:
#0 D:\xampp\htdocs\framework\web\CWebApplication.php(135): CWebApplication->runController('rent/uploads/pr...')
#1 D:\xampp\htdocs\framework\base\CApplication.php(162): CWebApplication->processRequest()
#2 D:\xampp\htdocs\rent\index.php(13): CApplication->run()
#3 {main}
REQUEST_URI=/rent//rent/uploads/products/thiet-ke-phong-hop-3.jpg
HTTP_REFERER=http://localhost/rent/product/view/pid/RM102
---
2012/03/19 19:02:55 [error] [exception.CHttpException.404] exception 'CHttpException' with message 'Param is not enough' in D:\xampp\htdocs\rent\protected\modules\admin\controllers\ProductController.php:75
Stack trace:
#0 D:\xampp\htdocs\framework\web\actions\CInlineAction.php(50): ProductController->actionUpdate()
#1 D:\xampp\htdocs\framework\web\CController.php(309): CInlineAction->runWithParams(Array)
#2 D:\xampp\htdocs\framework\web\filters\CFilterChain.php(134): CController->runAction(Object(CInlineAction))
#3 D:\xampp\htdocs\framework\web\filters\CFilter.php(41): CFilterChain->run()
#4 D:\xampp\htdocs\framework\web\CController.php(1146): CFilter->filter(Object(CFilterChain))
#5 D:\xampp\htdocs\framework\web\filters\CInlineFilter.php(59): CController->filterAccessControl(Object(CFilterChain))
#6 D:\xampp\htdocs\framework\web\filters\CFilterChain.php(131): CInlineFilter->filter(Object(CFilterChain))
#7 D:\xampp\htdocs\framework\web\CController.php(292): CFilterChain->run()
#8 D:\xampp\htdocs\framework\web\CController.php(266): CController->runActionWithFilters(Object(CInlineAction), Array)
#9 D:\xampp\htdocs\framework\web\CWebApplication.php(276): CController->run('update')
#10 D:\xampp\htdocs\framework\web\CWebApplication.php(135): CWebApplication->runController('admin/product/u...')
#11 D:\xampp\htdocs\framework\base\CApplication.php(162): CWebApplication->processRequest()
#12 D:\xampp\htdocs\rent\index.php(13): CApplication->run()
#13 {main}
REQUEST_URI=/rent/admin/product/update/pid/RM110
---
2012/03/19 19:08:29 [error] [exception.CException] exception 'CException' with message 'Products and its behaviors do not have a method or closure named "getType".' in D:\xampp\htdocs\framework\base\CComponent.php:266
Stack trace:
#0 D:\xampp\htdocs\framework\db\ar\CActiveRecord.php(226): CComponent->__call('getType', Array)
#1 D:\xampp\htdocs\rent\themes\shop\views\product\view.php(96): CActiveRecord->__call('getType', Array)
#2 D:\xampp\htdocs\rent\themes\shop\views\product\view.php(96): Products->getType()
#3 D:\xampp\htdocs\framework\web\CBaseController.php(127): require('D:\xampp\htdocs...')
#4 D:\xampp\htdocs\framework\web\CBaseController.php(96): CBaseController->renderInternal('D:\xampp\htdocs...', Array, true)
#5 D:\xampp\htdocs\framework\web\CController.php(870): CBaseController->renderFile('D:\xampp\htdocs...', Array, true)
#6 D:\xampp\htdocs\framework\web\CController.php(783): CController->renderPartial('view', Array, true)
#7 D:\xampp\htdocs\rent\protected\controllers\ProductController.php(42): CController->render('view', Array)
#8 D:\xampp\htdocs\framework\web\actions\CInlineAction.php(50): ProductController->actionView()
#9 D:\xampp\htdocs\framework\web\CController.php(309): CInlineAction->runWithParams(Array)
#10 D:\xampp\htdocs\framework\web\filters\CFilterChain.php(134): CController->runAction(Object(CInlineAction))
#11 D:\xampp\htdocs\framework\web\filters\CFilter.php(41): CFilterChain->run()
#12 D:\xampp\htdocs\framework\web\CController.php(1146): CFilter->filter(Object(CFilterChain))
#13 D:\xampp\htdocs\framework\web\filters\CInlineFilter.php(59): CController->filterAccessControl(Object(CFilterChain))
#14 D:\xampp\htdocs\framework\web\filters\CFilterChain.php(131): CInlineFilter->filter(Object(CFilterChain))
#15 D:\xampp\htdocs\framework\web\CController.php(292): CFilterChain->run()
#16 D:\xampp\htdocs\framework\web\CController.php(266): CController->runActionWithFilters(Object(CInlineAction), Array)
#17 D:\xampp\htdocs\framework\web\CWebApplication.php(276): CController->run('view')
#18 D:\xampp\htdocs\framework\web\CWebApplication.php(135): CWebApplication->runController('product/view/pi...')
#19 D:\xampp\htdocs\framework\base\CApplication.php(162): CWebApplication->processRequest()
#20 D:\xampp\htdocs\rent\index.php(13): CApplication->run()
#21 {main}
REQUEST_URI=/rent/product/view/pid/RM110
HTTP_REFERER=http://localhost/rent/product/view/pid/RM110
---
2012/03/19 19:19:37 [error] [exception.CHttpException.404] exception 'CHttpException' with message 'Object not found' in D:\xampp\htdocs\rent\protected\modules\admin\controllers\ProductController.php:44
Stack trace:
#0 D:\xampp\htdocs\framework\web\actions\CInlineAction.php(50): ProductController->actionView()
#1 D:\xampp\htdocs\framework\web\CController.php(309): CInlineAction->runWithParams(Array)
#2 D:\xampp\htdocs\framework\web\filters\CFilterChain.php(134): CController->runAction(Object(CInlineAction))
#3 D:\xampp\htdocs\framework\web\filters\CFilter.php(41): CFilterChain->run()
#4 D:\xampp\htdocs\framework\web\CController.php(1146): CFilter->filter(Object(CFilterChain))
#5 D:\xampp\htdocs\framework\web\filters\CInlineFilter.php(59): CController->filterAccessControl(Object(CFilterChain))
#6 D:\xampp\htdocs\framework\web\filters\CFilterChain.php(131): CInlineFilter->filter(Object(CFilterChain))
#7 D:\xampp\htdocs\framework\web\CController.php(292): CFilterChain->run()
#8 D:\xampp\htdocs\framework\web\CController.php(266): CController->runActionWithFilters(Object(CInlineAction), Array)
#9 D:\xampp\htdocs\framework\web\CWebApplication.php(276): CController->run('view')
#10 D:\xampp\htdocs\framework\web\CWebApplication.php(135): CWebApplication->runController('admin/product/v...')
#11 D:\xampp\htdocs\framework\base\CApplication.php(162): CWebApplication->processRequest()
#12 D:\xampp\htdocs\rent\index.php(13): CApplication->run()
#13 {main}
REQUEST_URI=/rent/admin/product/view/id/RM112
---
2012/03/19 19:20:09 [error] [exception.CHttpException.404] exception 'CHttpException' with message 'Object not found' in D:\xampp\htdocs\rent\protected\modules\admin\controllers\ProductController.php:44
Stack trace:
#0 D:\xampp\htdocs\framework\web\actions\CInlineAction.php(50): ProductController->actionView()
#1 D:\xampp\htdocs\framework\web\CController.php(309): CInlineAction->runWithParams(Array)
#2 D:\xampp\htdocs\framework\web\filters\CFilterChain.php(134): CController->runAction(Object(CInlineAction))
#3 D:\xampp\htdocs\framework\web\filters\CFilter.php(41): CFilterChain->run()
#4 D:\xampp\htdocs\framework\web\CController.php(1146): CFilter->filter(Object(CFilterChain))
#5 D:\xampp\htdocs\framework\web\filters\CInlineFilter.php(59): CController->filterAccessControl(Object(CFilterChain))
#6 D:\xampp\htdocs\framework\web\filters\CFilterChain.php(131): CInlineFilter->filter(Object(CFilterChain))
#7 D:\xampp\htdocs\framework\web\CController.php(292): CFilterChain->run()
#8 D:\xampp\htdocs\framework\web\CController.php(266): CController->runActionWithFilters(Object(CInlineAction), Array)
#9 D:\xampp\htdocs\framework\web\CWebApplication.php(276): CController->run('view')
#10 D:\xampp\htdocs\framework\web\CWebApplication.php(135): CWebApplication->runController('admin/product/v...')
#11 D:\xampp\htdocs\framework\base\CApplication.php(162): CWebApplication->processRequest()
#12 D:\xampp\htdocs\rent\index.php(13): CApplication->run()
#13 {main}
REQUEST_URI=/rent/admin/product/view/id/RM112
---
2012/03/19 19:20:16 [error] [exception.CHttpException.404] exception 'CHttpException' with message 'Param is not enough' in D:\xampp\htdocs\rent\protected\modules\admin\controllers\ProductController.php:75
Stack trace:
#0 D:\xampp\htdocs\framework\web\actions\CInlineAction.php(50): ProductController->actionUpdate()
#1 D:\xampp\htdocs\framework\web\CController.php(309): CInlineAction->runWithParams(Array)
#2 D:\xampp\htdocs\framework\web\filters\CFilterChain.php(134): CController->runAction(Object(CInlineAction))
#3 D:\xampp\htdocs\framework\web\filters\CFilter.php(41): CFilterChain->run()
#4 D:\xampp\htdocs\framework\web\CController.php(1146): CFilter->filter(Object(CFilterChain))
#5 D:\xampp\htdocs\framework\web\filters\CInlineFilter.php(59): CController->filterAccessControl(Object(CFilterChain))
#6 D:\xampp\htdocs\framework\web\filters\CFilterChain.php(131): CInlineFilter->filter(Object(CFilterChain))
#7 D:\xampp\htdocs\framework\web\CController.php(292): CFilterChain->run()
#8 D:\xampp\htdocs\framework\web\CController.php(266): CController->runActionWithFilters(Object(CInlineAction), Array)
#9 D:\xampp\htdocs\framework\web\CWebApplication.php(276): CController->run('update')
#10 D:\xampp\htdocs\framework\web\CWebApplication.php(135): CWebApplication->runController('admin/product/u...')
#11 D:\xampp\htdocs\framework\base\CApplication.php(162): CWebApplication->processRequest()
#12 D:\xampp\htdocs\rent\index.php(13): CApplication->run()
#13 {main}
REQUEST_URI=/rent/admin/product/update/pid/RM110
---
2012/03/20 09:19:33 [error] [exception.CHttpException.404] exception 'CHttpException' with message 'リクエスト"admin/product"を解決できません。' in D:\xampp\htdocs\framework\web\CWebApplication.php:280
Stack trace:
#0 D:\xampp\htdocs\framework\web\CWebApplication.php(135): CWebApplication->runController('admin/product')
#1 D:\xampp\htdocs\framework\base\CApplication.php(162): CWebApplication->processRequest()
#2 D:\xampp\htdocs\rent\index.php(13): CApplication->run()
#3 {main}
REQUEST_URI=/rent/admin/product
HTTP_REFERER=http://localhost/rent/admin/room/add
---
2012/03/20 09:23:28 [error] [exception.CHttpException.404] exception 'CHttpException' with message 'リクエスト"admin/equipment/index"を解決できません。' in D:\xampp\htdocs\framework\web\CWebApplication.php:280
Stack trace:
#0 D:\xampp\htdocs\framework\web\CWebApplication.php(135): CWebApplication->runController('admin/equipment...')
#1 D:\xampp\htdocs\framework\base\CApplication.php(162): CWebApplication->processRequest()
#2 D:\xampp\htdocs\rent\index.php(13): CApplication->run()
#3 {main}
REQUEST_URI=/rent/admin/equipment/index
HTTP_REFERER=http://localhost/rent/admin/room
---
2012/03/20 09:23:49 [error] [exception.CException] exception 'CException' with message 'EquipmentController は "index" リクエストビューを見つけられません。' in D:\xampp\htdocs\framework\web\CController.php:879
Stack trace:
#0 D:\xampp\htdocs\framework\web\CController.php(783): CController->renderPartial('index', Array, true)
#1 D:\xampp\htdocs\rent\protected\modules\admin\controllers\EquipmentController.php(30): CController->render('index', Array)
#2 D:\xampp\htdocs\framework\web\actions\CInlineAction.php(50): EquipmentController->actionIndex()
#3 D:\xampp\htdocs\framework\web\CController.php(309): CInlineAction->runWithParams(Array)
#4 D:\xampp\htdocs\framework\web\filters\CFilterChain.php(134): CController->runAction(Object(CInlineAction))
#5 D:\xampp\htdocs\framework\web\filters\CFilter.php(41): CFilterChain->run()
#6 D:\xampp\htdocs\framework\web\CController.php(1146): CFilter->filter(Object(CFilterChain))
#7 D:\xampp\htdocs\framework\web\filters\CInlineFilter.php(59): CController->filterAccessControl(Object(CFilterChain))
#8 D:\xampp\htdocs\framework\web\filters\CFilterChain.php(131): CInlineFilter->filter(Object(CFilterChain))
#9 D:\xampp\htdocs\framework\web\CController.php(292): CFilterChain->run()
#10 D:\xampp\htdocs\framework\web\CController.php(266): CController->runActionWithFilters(Object(CInlineAction), Array)
#11 D:\xampp\htdocs\framework\web\CWebApplication.php(276): CController->run('index')
#12 D:\xampp\htdocs\framework\web\CWebApplication.php(135): CWebApplication->runController('admin/equipment...')
#13 D:\xampp\htdocs\framework\base\CApplication.php(162): CWebApplication->processRequest()
#14 D:\xampp\htdocs\rent\index.php(13): CApplication->run()
#15 {main}
REQUEST_URI=/rent/admin/equipment/index
HTTP_REFERER=http://localhost/rent/admin/equipment/index
---
2012/03/20 09:30:19 [error] [php] get_class() expects parameter 1 to be object, integer given (D:\xampp\htdocs\framework\web\helpers\CHtml.php:2009)
Stack trace:
#0 D:\xampp\htdocs\framework\web\helpers\CHtml.php(1218): resolveNameID()
#1 D:\xampp\htdocs\framework\web\widgets\CActiveForm.php(590): activeHiddenField()
#2 D:\xampp\htdocs\rent\protected\modules\admin\views\equipment\add.php(34): BootActiveForm->hiddenField()
#3 D:\xampp\htdocs\framework\web\CBaseController.php(127): require()
#4 D:\xampp\htdocs\framework\web\CBaseController.php(96): EquipmentController->renderInternal()
#5 D:\xampp\htdocs\framework\web\CController.php(870): EquipmentController->renderFile()
#6 D:\xampp\htdocs\framework\web\CController.php(783): EquipmentController->renderPartial()
#7 D:\xampp\htdocs\rent\protected\modules\admin\controllers\EquipmentController.php(67): EquipmentController->render()
#8 D:\xampp\htdocs\framework\web\actions\CInlineAction.php(50): EquipmentController->actionAdd()
#9 D:\xampp\htdocs\framework\web\CController.php(309): CInlineAction->runWithParams()
#10 D:\xampp\htdocs\framework\web\filters\CFilterChain.php(134): EquipmentController->runAction()
#11 D:\xampp\htdocs\framework\web\filters\CFilter.php(41): CFilterChain->run()
#12 D:\xampp\htdocs\framework\web\CController.php(1146): CAccessControlFilter->filter()
#13 D:\xampp\htdocs\framework\web\filters\CInlineFilter.php(59): EquipmentController->filterAccessControl()
#14 D:\xampp\htdocs\framework\web\filters\CFilterChain.php(131): CInlineFilter->filter()
#15 D:\xampp\htdocs\framework\web\CController.php(292): CFilterChain->run()
#16 D:\xampp\htdocs\framework\web\CController.php(266): EquipmentController->runActionWithFilters()
#17 D:\xampp\htdocs\framework\web\CWebApplication.php(276): EquipmentController->run()
#18 D:\xampp\htdocs\framework\web\CWebApplication.php(135): CWebApplication->runController()
#19 D:\xampp\htdocs\framework\base\CApplication.php(162): CWebApplication->processRequest()
#20 D:\xampp\htdocs\rent\index.php(13): CWebApplication->run()
REQUEST_URI=/rent/admin/equipment/add
in D:\xampp\htdocs\rent\protected\modules\admin\views\equipment\add.php (34)
in D:\xampp\htdocs\rent\protected\modules\admin\controllers\EquipmentController.php (67)
in D:\xampp\htdocs\rent\index.php (13)
2012/03/20 09:31:03 [error] [php] get_class() expects parameter 1 to be object, integer given (D:\xampp\htdocs\framework\web\helpers\CHtml.php:2009)
Stack trace:
#0 D:\xampp\htdocs\framework\web\helpers\CHtml.php(1218): resolveNameID()
#1 D:\xampp\htdocs\framework\web\widgets\CActiveForm.php(590): activeHiddenField()
#2 D:\xampp\htdocs\rent\protected\modules\admin\views\equipment\add.php(34): BootActiveForm->hiddenField()
#3 D:\xampp\htdocs\framework\web\CBaseController.php(127): require()
#4 D:\xampp\htdocs\framework\web\CBaseController.php(96): EquipmentController->renderInternal()
#5 D:\xampp\htdocs\framework\web\CController.php(870): EquipmentController->renderFile()
#6 D:\xampp\htdocs\framework\web\CController.php(783): EquipmentController->renderPartial()
#7 D:\xampp\htdocs\rent\protected\modules\admin\controllers\EquipmentController.php(67): EquipmentController->render()
#8 D:\xampp\htdocs\framework\web\actions\CInlineAction.php(50): EquipmentController->actionAdd()
#9 D:\xampp\htdocs\framework\web\CController.php(309): CInlineAction->runWithParams()
#10 D:\xampp\htdocs\framework\web\filters\CFilterChain.php(134): EquipmentController->runAction()
#11 D:\xampp\htdocs\framework\web\filters\CFilter.php(41): CFilterChain->run()
#12 D:\xampp\htdocs\framework\web\CController.php(1146): CAccessControlFilter->filter()
#13 D:\xampp\htdocs\framework\web\filters\CInlineFilter.php(59): EquipmentController->filterAccessControl()
#14 D:\xampp\htdocs\framework\web\filters\CFilterChain.php(131): CInlineFilter->filter()
#15 D:\xampp\htdocs\framework\web\CController.php(292): CFilterChain->run()
#16 D:\xampp\htdocs\framework\web\CController.php(266): EquipmentController->runActionWithFilters()
#17 D:\xampp\htdocs\framework\web\CWebApplication.php(276): EquipmentController->run()
#18 D:\xampp\htdocs\framework\web\CWebApplication.php(135): CWebApplication->runController()
#19 D:\xampp\htdocs\framework\base\CApplication.php(162): CWebApplication->processRequest()
#20 D:\xampp\htdocs\rent\index.php(13): CWebApplication->run()
REQUEST_URI=/rent/admin/equipment/add
in D:\xampp\htdocs\rent\protected\modules\admin\views\equipment\add.php (34)
in D:\xampp\htdocs\rent\protected\modules\admin\controllers\EquipmentController.php (67)
in D:\xampp\htdocs\rent\index.php (13)
2012/03/20 10:02:51 [error] [php] Undefined index: product (D:\xampp\htdocs\rent\protected\modules\admin\views\layouts\main.php:138)
Stack trace:
#0 D:\xampp\htdocs\framework\web\CController.php(785): EquipmentController->renderFile()
#1 D:\xampp\htdocs\rent\protected\modules\admin\controllers\EquipmentController.php(46): EquipmentController->render()
#2 D:\xampp\htdocs\framework\web\actions\CInlineAction.php(50): EquipmentController->actionView()
#3 D:\xampp\htdocs\framework\web\CController.php(309): CInlineAction->runWithParams()
#4 D:\xampp\htdocs\framework\web\filters\CFilterChain.php(134): EquipmentController->runAction()
#5 D:\xampp\htdocs\framework\web\filters\CFilter.php(41): CFilterChain->run()
#6 D:\xampp\htdocs\framework\web\CController.php(1146): CAccessControlFilter->filter()
#7 D:\xampp\htdocs\framework\web\filters\CInlineFilter.php(59): EquipmentController->filterAccessControl()
#8 D:\xampp\htdocs\framework\web\filters\CFilterChain.php(131): CInlineFilter->filter()
#9 D:\xampp\htdocs\framework\web\CController.php(292): CFilterChain->run()
#10 D:\xampp\htdocs\framework\web\CController.php(266): EquipmentController->runActionWithFilters()
#11 D:\xampp\htdocs\framework\web\CWebApplication.php(276): EquipmentController->run()
#12 D:\xampp\htdocs\framework\web\CWebApplication.php(135): CWebApplication->runController()
#13 D:\xampp\htdocs\framework\base\CApplication.php(162): CWebApplication->processRequest()
#14 D:\xampp\htdocs\rent\index.php(13): CWebApplication->run()
REQUEST_URI=/rent/admin/equipment/view/id/EQ001
in D:\xampp\htdocs\rent\protected\modules\admin\views\layouts\main.php (138)
in D:\xampp\htdocs\rent\protected\modules\admin\controllers\EquipmentController.php (46)
in D:\xampp\htdocs\rent\index.php (13)
2012/03/20 10:05:43 [error] [exception.CHttpException.404] exception 'CHttpException' with message 'リクエスト"admin/product"を解決できません。' in D:\xampp\htdocs\framework\web\CWebApplication.php:280
Stack trace:
#0 D:\xampp\htdocs\framework\web\CWebApplication.php(135): CWebApplication->runController('admin/product')
#1 D:\xampp\htdocs\framework\base\CApplication.php(162): CWebApplication->processRequest()
#2 D:\xampp\htdocs\rent\index.php(13): CApplication->run()
#3 {main}
REQUEST_URI=/rent/admin/product
HTTP_REFERER=http://localhost/rent/admin/equipment/index
---
2012/03/20 16:33:16 [error] [exception.CException] exception 'CException' with message 'Alias "bootstrap.widgets.BootForm" is invalid. Make sure it points to an existing PHP file.' in D:\xampp\htdocs\framework\YiiBase.php:318
Stack trace:
#0 D:\xampp\htdocs\framework\web\CWidgetFactory.php(147): YiiBase::import('bootstrap.widge...', true)
#1 D:\xampp\htdocs\framework\web\CBaseController.php(147): CWidgetFactory->createWidget(Object(ProductController), 'bootstrap.widge...', Array)
#2 D:\xampp\htdocs\framework\web\CBaseController.php(190): CBaseController->createWidget('bootstrap.widge...', Array)
#3 D:\xampp\htdocs\rent\themes\shop\views\product\view.php(106): CBaseController->beginWidget('bootstrap.widge...', Array)
#4 D:\xampp\htdocs\framework\web\CBaseController.php(127): require('D:\xampp\htdocs...')
#5 D:\xampp\htdocs\framework\web\CBaseController.php(96): CBaseController->renderInternal('D:\xampp\htdocs...', Array, true)
#6 D:\xampp\htdocs\framework\web\CController.php(870): CBaseController->renderFile('D:\xampp\htdocs...', Array, true)
#7 D:\xampp\htdocs\framework\web\CController.php(783): CController->renderPartial('view', Array, true)
#8 D:\xampp\htdocs\rent\protected\controllers\ProductController.php(42): CController->render('view', Array)
#9 D:\xampp\htdocs\framework\web\actions\CInlineAction.php(50): ProductController->actionView()
#10 D:\xampp\htdocs\framework\web\CController.php(309): CInlineAction->runWithParams(Array)
#11 D:\xampp\htdocs\framework\web\filters\CFilterChain.php(134): CController->runAction(Object(CInlineAction))
#12 D:\xampp\htdocs\framework\web\filters\CFilter.php(41): CFilterChain->run()
#13 D:\xampp\htdocs\framework\web\CController.php(1146): CFilter->filter(Object(CFilterChain))
#14 D:\xampp\htdocs\framework\web\filters\CInlineFilter.php(59): CController->filterAccessControl(Object(CFilterChain))
#15 D:\xampp\htdocs\framework\web\filters\CFilterChain.php(131): CInlineFilter->filter(Object(CFilterChain))
#16 D:\xampp\htdocs\framework\web\CController.php(292): CFilterChain->run()
#17 D:\xampp\htdocs\framework\web\CController.php(266): CController->runActionWithFilters(Object(CInlineAction), Array)
#18 D:\xampp\htdocs\framework\web\CWebApplication.php(276): CController->run('view')
#19 D:\xampp\htdocs\framework\web\CWebApplication.php(135): CWebApplication->runController('product/view/pi...')
#20 D:\xampp\htdocs\framework\base\CApplication.php(162): CWebApplication->processRequest()
#21 D:\xampp\htdocs\rent\index.php(13): CApplication->run()
#22 {main}
REQUEST_URI=/rent/product/view/pid/RM102
HTTP_REFERER=http://localhost/rent/product/view/pid/RM102
---
