2012/03/17 09:46:09 [info] [application] <div class="alert alert-block alert-error" id="profile-form_es_"><p>以下の入力エラーを修正してください。</p>
<ul>
<li>イーメール は正当なメールアドレスではありません。</li>
<li>パースワード は正確に繰り返してください。</li>
</ul></div>
2012/03/17 09:47:36 [info] [application] <div class="alert alert-block alert-error" id="profile-form_es_" style="display:none"><p>以下の入力エラーを修正してください。</p>
<ul><li>dummy</li></ul></div>
2012/03/17 09:47:46 [info] [application] <div class="alert alert-block alert-error" id="profile-form_es_"><p>以下の入力エラーを修正してください。</p>
<ul>
<li>イーメール は正当なメールアドレスではありません。</li>
<li>パースワード は正確に繰り返してください。</li>
</ul></div>
2012/03/17 09:48:21 [info] [application] <div class="alert alert-block alert-error" id="profile-form_es_"><p>以下の入力エラーを修正してください。</p>
<ul>
<li>パースワード は正確に繰り返してください。</li>
</ul></div>
2012/03/17 09:48:30 [info] [application] <div class="alert alert-block alert-error" id="profile-form_es_"><p>以下の入力エラーを修正してください。</p>
<ul>
<li>パースワード は正確に繰り返してください。</li>
</ul></div>
2012/03/17 09:49:10 [info] [application] <div class="alert alert-block alert-error" id="profile-form_es_" style="display:none"><p>以下の入力エラーを修正してください。</p>
<ul><li>dummy</li></ul></div>
2012/03/17 09:49:26 [info] [application] <div class="alert alert-block alert-error" id="profile-form_es_" style="display:none"><p>以下の入力エラーを修正してください。</p>
<ul><li>dummy</li></ul></div>
2012/03/17 09:49:52 [info] [application] <div class="alert alert-block alert-error" id="profile-form_es_" style="display:none"><p>以下の入力エラーを修正してください。</p>
<ul><li>dummy</li></ul></div>
2012/03/17 09:50:01 [info] [application] <div class="alert alert-block alert-error" id="profile-form_es_" style="display:none"><p>以下の入力エラーを修正してください。</p>
<ul><li>dummy</li></ul></div>
2012/03/17 10:03:37 [info] [application] <div class="alert alert-block alert-error" id="profile-form_es_" style="display:none"><p>以下の入力エラーを修正してください。</p>
<ul><li>dummy</li></ul></div>
2012/03/17 10:05:15 [info] [application] <div class="alert alert-block alert-error" id="profile-form_es_" style="display:none"><p>以下の入力エラーを修正してください。</p>
<ul><li>dummy</li></ul></div>
2012/03/18 01:40:43 [info] [application] <div class="alert alert-block alert-error" id="profile-form_es_" style="display:none"><p>以下の入力エラーを修正してください。</p>
<ul><li>dummy</li></ul></div>
in D:\xampp\htdocs\rent\themes\shop\views\profile\index.php (133)
in D:\xampp\htdocs\rent\protected\controllers\ProfileController.php (34)
in D:\xampp\htdocs\rent\index.php (13)
2012/03/18 01:41:00 [info] [application] <div class="alert alert-block alert-error" id="profile-form_es_" style="display:none"><p>以下の入力エラーを修正してください。</p>
<ul><li>dummy</li></ul></div>
in D:\xampp\htdocs\rent\themes\shop\views\profile\index.php (133)
in D:\xampp\htdocs\rent\protected\controllers\ProfileController.php (34)
in D:\xampp\htdocs\rent\index.php (13)
2012/03/18 01:42:20 [info] [application] <div class="alert alert-block alert-error" id="profile-form_es_" style="display:none"><p>以下の入力エラーを修正してください。</p>
<ul><li>dummy</li></ul></div>
in D:\xampp\htdocs\rent\themes\shop\views\profile\index.php (133)
in D:\xampp\htdocs\rent\protected\controllers\ProfileController.php (34)
in D:\xampp\htdocs\rent\index.php (13)
2012/03/18 01:42:32 [info] [application] <div class="alert alert-block alert-error" id="profile-form_es_" style="display:none"><p>以下の入力エラーを修正してください。</p>
<ul><li>dummy</li></ul></div>
in D:\xampp\htdocs\rent\themes\shop\views\profile\index.php (133)
in D:\xampp\htdocs\rent\protected\controllers\ProfileController.php (34)
in D:\xampp\htdocs\rent\index.php (13)
2012/03/18 01:44:06 [info] [application] <div class="alert alert-block alert-error" id="profile-form_es_" style="display:none"><p>以下の入力エラーを修正してください。</p>
<ul><li>dummy</li></ul></div>
in D:\xampp\htdocs\rent\themes\shop\views\profile\index.php (133)
in D:\xampp\htdocs\rent\protected\controllers\ProfileController.php (34)
in D:\xampp\htdocs\rent\index.php (13)
2012/03/18 01:44:07 [info] [application] <div class="alert alert-block alert-error" id="profile-form_es_" style="display:none"><p>以下の入力エラーを修正してください。</p>
<ul><li>dummy</li></ul></div>
in D:\xampp\htdocs\rent\themes\shop\views\profile\index.php (133)
in D:\xampp\htdocs\rent\protected\controllers\ProfileController.php (34)
in D:\xampp\htdocs\rent\index.php (13)
2012/03/18 01:44:50 [info] [application] <div class="alert alert-block alert-error" id="profile-form_es_" style="display:none"><p>以下の入力エラーを修正してください。</p>
<ul><li>dummy</li></ul></div>
in D:\xampp\htdocs\rent\themes\shop\views\profile\index.php (133)
in D:\xampp\htdocs\rent\protected\controllers\ProfileController.php (34)
in D:\xampp\htdocs\rent\index.php (13)
2012/03/18 01:44:53 [info] [application] <div class="alert alert-block alert-error" id="profile-form_es_" style="display:none"><p>以下の入力エラーを修正してください。</p>
<ul><li>dummy</li></ul></div>
in D:\xampp\htdocs\rent\themes\shop\views\profile\index.php (133)
in D:\xampp\htdocs\rent\protected\controllers\ProfileController.php (34)
in D:\xampp\htdocs\rent\index.php (13)
2012/03/18 01:46:17 [info] [application] <div class="alert alert-block alert-error" id="profile-form_es_" style="display:none"><p>以下の入力エラーを修正してください。</p>
<ul><li>dummy</li></ul></div>
in D:\xampp\htdocs\rent\themes\shop\views\profile\index.php (133)
in D:\xampp\htdocs\rent\protected\controllers\ProfileController.php (34)
in D:\xampp\htdocs\rent\index.php (13)
2012/03/18 01:46:19 [info] [application] <div class="alert alert-block alert-error" id="profile-form_es_" style="display:none"><p>以下の入力エラーを修正してください。</p>
<ul><li>dummy</li></ul></div>
in D:\xampp\htdocs\rent\themes\shop\views\profile\index.php (133)
in D:\xampp\htdocs\rent\protected\controllers\ProfileController.php (34)
in D:\xampp\htdocs\rent\index.php (13)
2012/03/18 01:46:19 [info] [application] <div class="alert alert-block alert-error" id="profile-form_es_" style="display:none"><p>以下の入力エラーを修正してください。</p>
<ul><li>dummy</li></ul></div>
in D:\xampp\htdocs\rent\themes\shop\views\profile\index.php (133)
in D:\xampp\htdocs\rent\protected\controllers\ProfileController.php (34)
in D:\xampp\htdocs\rent\index.php (13)
2012/03/18 01:46:19 [info] [application] <div class="alert alert-block alert-error" id="profile-form_es_" style="display:none"><p>以下の入力エラーを修正してください。</p>
<ul><li>dummy</li></ul></div>
in D:\xampp\htdocs\rent\themes\shop\views\profile\index.php (133)
in D:\xampp\htdocs\rent\protected\controllers\ProfileController.php (34)
in D:\xampp\htdocs\rent\index.php (13)
2012/03/18 01:46:20 [info] [application] <div class="alert alert-block alert-error" id="profile-form_es_" style="display:none"><p>以下の入力エラーを修正してください。</p>
<ul><li>dummy</li></ul></div>
in D:\xampp\htdocs\rent\themes\shop\views\profile\index.php (133)
in D:\xampp\htdocs\rent\protected\controllers\ProfileController.php (34)
in D:\xampp\htdocs\rent\index.php (13)
2012/03/18 01:46:20 [info] [application] <div class="alert alert-block alert-error" id="profile-form_es_" style="display:none"><p>以下の入力エラーを修正してください。</p>
<ul><li>dummy</li></ul></div>
in D:\xampp\htdocs\rent\themes\shop\views\profile\index.php (133)
in D:\xampp\htdocs\rent\protected\controllers\ProfileController.php (34)
in D:\xampp\htdocs\rent\index.php (13)
2012/03/18 01:46:20 [info] [application] <div class="alert alert-block alert-error" id="profile-form_es_" style="display:none"><p>以下の入力エラーを修正してください。</p>
<ul><li>dummy</li></ul></div>
in D:\xampp\htdocs\rent\themes\shop\views\profile\index.php (133)
in D:\xampp\htdocs\rent\protected\controllers\ProfileController.php (34)
in D:\xampp\htdocs\rent\index.php (13)
2012/03/18 01:46:20 [info] [application] <div class="alert alert-block alert-error" id="profile-form_es_" style="display:none"><p>以下の入力エラーを修正してください。</p>
<ul><li>dummy</li></ul></div>
in D:\xampp\htdocs\rent\themes\shop\views\profile\index.php (133)
in D:\xampp\htdocs\rent\protected\controllers\ProfileController.php (34)
in D:\xampp\htdocs\rent\index.php (13)
2012/03/18 01:46:21 [info] [application] <div class="alert alert-block alert-error" id="profile-form_es_" style="display:none"><p>以下の入力エラーを修正してください。</p>
<ul><li>dummy</li></ul></div>
in D:\xampp\htdocs\rent\themes\shop\views\profile\index.php (133)
in D:\xampp\htdocs\rent\protected\controllers\ProfileController.php (34)
in D:\xampp\htdocs\rent\index.php (13)
2012/03/18 01:46:21 [info] [application] <div class="alert alert-block alert-error" id="profile-form_es_" style="display:none"><p>以下の入力エラーを修正してください。</p>
<ul><li>dummy</li></ul></div>
in D:\xampp\htdocs\rent\themes\shop\views\profile\index.php (133)
in D:\xampp\htdocs\rent\protected\controllers\ProfileController.php (34)
in D:\xampp\htdocs\rent\index.php (13)
2012/03/18 01:46:21 [info] [application] <div class="alert alert-block alert-error" id="profile-form_es_" style="display:none"><p>以下の入力エラーを修正してください。</p>
<ul><li>dummy</li></ul></div>
in D:\xampp\htdocs\rent\themes\shop\views\profile\index.php (133)
in D:\xampp\htdocs\rent\protected\controllers\ProfileController.php (34)
in D:\xampp\htdocs\rent\index.php (13)
2012/03/18 01:46:23 [info] [application] <div class="alert alert-block alert-error" id="profile-form_es_" style="display:none"><p>以下の入力エラーを修正してください。</p>
<ul><li>dummy</li></ul></div>
in D:\xampp\htdocs\rent\themes\shop\views\profile\index.php (133)
in D:\xampp\htdocs\rent\protected\controllers\ProfileController.php (34)
in D:\xampp\htdocs\rent\index.php (13)
2012/03/18 01:47:12 [info] [application] <div class="alert alert-block alert-error" id="profile-form_es_" style="display:none"><p>以下の入力エラーを修正してください。</p>
<ul><li>dummy</li></ul></div>
in D:\xampp\htdocs\rent\themes\shop\views\profile\index.php (133)
in D:\xampp\htdocs\rent\protected\controllers\ProfileController.php (34)
in D:\xampp\htdocs\rent\index.php (13)
2012/03/18 01:47:40 [info] [application] <div class="alert alert-block alert-error" id="profile-form_es_" style="display:none"><p>以下の入力エラーを修正してください。</p>
<ul><li>dummy</li></ul></div>
in D:\xampp\htdocs\rent\themes\shop\views\profile\index.php (133)
in D:\xampp\htdocs\rent\protected\controllers\ProfileController.php (34)
in D:\xampp\htdocs\rent\index.php (13)
2012/03/18 01:48:31 [info] [application] <div class="alert alert-block alert-error" id="profile-form_es_" style="display:none"><p>以下の入力エラーを修正してください。</p>
<ul><li>dummy</li></ul></div>
in D:\xampp\htdocs\rent\themes\shop\views\profile\index.php (133)
in D:\xampp\htdocs\rent\protected\controllers\ProfileController.php (34)
in D:\xampp\htdocs\rent\index.php (13)
2012/03/18 01:48:32 [info] [application] <div class="alert alert-block alert-error" id="profile-form_es_" style="display:none"><p>以下の入力エラーを修正してください。</p>
<ul><li>dummy</li></ul></div>
in D:\xampp\htdocs\rent\themes\shop\views\profile\index.php (133)
in D:\xampp\htdocs\rent\protected\controllers\ProfileController.php (34)
in D:\xampp\htdocs\rent\index.php (13)
2012/03/18 01:48:33 [info] [application] <div class="alert alert-block alert-error" id="profile-form_es_" style="display:none"><p>以下の入力エラーを修正してください。</p>
<ul><li>dummy</li></ul></div>
in D:\xampp\htdocs\rent\themes\shop\views\profile\index.php (133)
in D:\xampp\htdocs\rent\protected\controllers\ProfileController.php (34)
in D:\xampp\htdocs\rent\index.php (13)
2012/03/18 01:48:55 [info] [application] <div class="alert alert-block alert-error" id="profile-form_es_" style="display:none"><p>以下の入力エラーを修正してください。</p>
<ul><li>dummy</li></ul></div>
in D:\xampp\htdocs\rent\themes\shop\views\profile\index.php (133)
in D:\xampp\htdocs\rent\protected\controllers\ProfileController.php (34)
in D:\xampp\htdocs\rent\index.php (13)
2012/03/18 01:50:42 [info] [application] <div class="alert alert-block alert-error" id="profile-form_es_" style="display:none"><p>以下の入力エラーを修正してください。</p>
<ul><li>dummy</li></ul></div>
in D:\xampp\htdocs\rent\themes\shop\views\profile\index.php (132)
in D:\xampp\htdocs\rent\protected\controllers\ProfileController.php (34)
in D:\xampp\htdocs\rent\index.php (13)
2012/03/18 04:35:36 [info] [application] <div class="alert alert-block alert-error" id="profile-form_es_" style="display:none"><p>以下の入力エラーを修正してください。</p>
<ul><li>dummy</li></ul></div>
in D:\xampp\htdocs\rent\themes\shop\views\profile\index.php (132)
in D:\xampp\htdocs\rent\protected\controllers\ProfileController.php (34)
in D:\xampp\htdocs\rent\index.php (13)
2012/03/18 04:35:50 [info] [application] <div class="alert alert-block alert-error" id="profile-form_es_" style="display:none"><p>以下の入力エラーを修正してください。</p>
<ul><li>dummy</li></ul></div>
in D:\xampp\htdocs\rent\themes\shop\views\profile\index.php (132)
in D:\xampp\htdocs\rent\protected\controllers\ProfileController.php (34)
in D:\xampp\htdocs\rent\index.php (13)
2012/03/19 04:29:18 [info] [application] <div class="alert alert-block alert-error" id="profile-form_es_" style="display:none"><p>以下の入力エラーを修正してください。</p>
<ul><li>dummy</li></ul></div>
in D:\xampp\htdocs\rent\themes\shop\views\profile\index.php (132)
in D:\xampp\htdocs\rent\protected\controllers\ProfileController.php (34)
in D:\xampp\htdocs\rent\index.php (13)
