2012/03/19 18:21:25 [error] [exception.CHttpException.404] exception 'CHttpException' with message 'システムは要求されたアクション "update" を見つけられません。' in D:\xampp\htdocs\framework\web\CController.php:484
Stack trace:
#0 D:\xampp\htdocs\framework\web\CController.php(271): CController->missingAction('update')
#1 D:\xampp\htdocs\framework\web\CWebApplication.php(276): CController->run('update')
#2 D:\xampp\htdocs\framework\web\CWebApplication.php(135): CWebApplication->runController('admin/product/u...')
#3 D:\xampp\htdocs\framework\base\CApplication.php(162): CWebApplication->processRequest()
#4 D:\xampp\htdocs\rent\index.php(13): CApplication->run()
#5 {main}
REQUEST_URI=/rent/admin/product/update/id/RM102
HTTP_REFERER=http://localhost/rent/admin/product
---
2012/03/19 18:28:54 [error] [exception.CHttpException.404] exception 'CHttpException' with message 'システムは要求されたアクション "delete" を見つけられません。' in D:\xampp\htdocs\framework\web\CController.php:484
Stack trace:
#0 D:\xampp\htdocs\framework\web\CController.php(271): CController->missingAction('delete')
#1 D:\xampp\htdocs\framework\web\CWebApplication.php(276): CController->run('delete')
#2 D:\xampp\htdocs\framework\web\CWebApplication.php(135): CWebApplication->runController('admin/product/d...')
#3 D:\xampp\htdocs\framework\base\CApplication.php(162): CWebApplication->processRequest()
#4 D:\xampp\htdocs\rent\index.php(13): CApplication->run()
#5 {main}
REQUEST_URI=/rent/admin/product/delete/id/RM706?ajax=yw0
HTTP_REFERER=http://localhost/rent/admin/product
---
2012/03/19 18:50:31 [error] [exception.CHttpException.404] exception 'CHttpException' with message 'リクエスト"images//rent/uploads/products/thiet-ke-phong-hop-3.jpg"を解決できません。' in D:\xampp\htdocs\framework\web\CWebApplication.php:280
Stack trace:
#0 D:\xampp\htdocs\framework\web\CWebApplication.php(135): CWebApplication->runController('images//rent/up...')
#1 D:\xampp\htdocs\framework\base\CApplication.php(162): CWebApplication->processRequest()
#2 D:\xampp\htdocs\rent\index.php(13): CApplication->run()
#3 {main}
REQUEST_URI=/rent/images//rent/uploads/products/thiet-ke-phong-hop-3.jpg
HTTP_REFERER=http://localhost/rent/product/view/pid/RM102
---
2012/03/19 18:50:52 [error] [exception.CHttpException.404] exception 'CHttpException' with message 'リクエスト"rent/uploads/products/thiet-ke-phong-hop-3.jpg"を解決できません。' in D:\xampp\htdocs\framework\web\CWebApplication.php:280
Stack trace:
#0 D:\xampp\htdocs\framework\web\CWebApplication.php(135): CWebApplication->runController('rent/uploads/pr...')
#1 D:\xampp\htdocs\framework\base\CApplication.php(162): CWebApplication->processRequest()
#2 D:\xampp\htdocs\rent\index.php(13): CApplication->run()
#3 {main}
REQUEST_URI=/rent//rent/uploads/products/thiet-ke-phong-hop-3.jpg
HTTP_REFERER=http://localhost/rent/product/view/pid/RM102
---
